# JRE version: OpenJDK Runtime Environment (8.0_252-b09) (build 1.8.0_252-8u252-b09-1~18.04-b09)
# Java VM: OpenJDK 64-Bit Server VM (25.252-b09 mixed mode linux-amd64 compressed oops)
Heap:
 PSYoungGen      total 1661440K, used 525006K [0x000000066ab00000, 0x00000006ff200000, 0x00000007c0000000)
  eden space 901632K, 0% used [0x000000066ab00000,0x000000066ab00000,0x00000006a1b80000)
  from space 759808K, 69% used [0x00000006d0500000,0x00000006f05b3ba0,0x00000006feb00000)
  to   space 763392K, 0% used [0x00000006a1b80000,0x00000006a1b80000,0x00000006d0500000)
 ParOldGen       total 1038336K, used 1038182K [0x00000003c0000000, 0x00000003ff600000, 0x000000066ab00000)
  object space 1038336K, 99% used [0x00000003c0000000,0x00000003ff5d9ac0,0x00000003ff600000)
 Metaspace       used 77406K, capacity 77768K, committed 78336K, reserved 1118208K
  class space    used 9311K, capacity 9411K, committed 9472K, reserved 1048576K
GC Heap History (10 events):
Event: 154.779 GC heap after
Heap after GC invocations=73 (full 11):
 PSYoungGen      total 1564672K, used 503818K [0x000000066ab00000, 0x00000006f9980000, 0x00000007c0000000)
  eden space 791040K, 0% used [0x000000066ab00000,0x000000066ab00000,0x000000069af80000)
  from space 773632K, 65% used [0x00000006ca380000,0x00000006e8f82818,0x00000006f9700000)
  to   space 774144K, 0% used [0x000000069af80000,0x000000069af80000,0x00000006ca380000)
 ParOldGen       total 1038336K, used 859497K [0x00000003c0000000, 0x00000003ff600000, 0x000000066ab00000)
  object space 1038336K, 82% used [0x00000003c0000000,0x00000003f475a5d8,0x00000003ff600000)
 Metaspace       used 70401K, capacity 70728K, committed 71296K, reserved 1112064K
  class space    used 8352K, capacity 8451K, committed 8576K, reserved 1048576K
}
Event: 158.896 GC heap before
{Heap before GC invocations=74 (full 11):
 PSYoungGen      total 1564672K, used 1294858K [0x000000066ab00000, 0x00000006f9980000, 0x00000007c0000000)
  eden space 791040K, 100% used [0x000000066ab00000,0x000000069af80000,0x000000069af80000)
  from space 773632K, 65% used [0x00000006ca380000,0x00000006e8f82818,0x00000006f9700000)
  to   space 774144K, 0% used [0x000000069af80000,0x000000069af80000,0x00000006ca380000)
 ParOldGen       total 1038336K, used 859497K [0x00000003c0000000, 0x00000003ff600000, 0x000000066ab00000)
  object space 1038336K, 82% used [0x00000003c0000000,0x00000003f475a5d8,0x00000003ff600000)
 Metaspace       used 71054K, capacity 71400K, committed 71808K, reserved 1112064K
  class space    used 8442K, capacity 8547K, committed 8576K, reserved 1048576K
Event: 159.407 GC heap after
Heap after GC invocations=74 (full 11):
 PSYoungGen      total 1565184K, used 518895K [0x000000066ab00000, 0x00000006fb980000, 0x00000007c0000000)
  eden space 791040K, 0% used [0x000000066ab00000,0x000000066ab00000,0x000000069af80000)
  from space 774144K, 67% used [0x000000069af80000,0x00000006baa3bcd8,0x00000006ca380000)
  to   space 763392K, 0% used [0x00000006cd000000,0x00000006cd000000,0x00000006fb980000)
 ParOldGen       total 1038336K, used 897374K [0x00000003c0000000, 0x00000003ff600000, 0x000000066ab00000)
  object space 1038336K, 86% used [0x00000003c0000000,0x00000003f6c57bd8,0x00000003ff600000)
 Metaspace       used 71054K, capacity 71400K, committed 71808K, reserved 1112064K
  class space    used 8442K, capacity 8547K, committed 8576K, reserved 1048576K
}
Event: 163.736 GC heap before
{Heap before GC invocations=75 (full 11):
 PSYoungGen      total 1565184K, used 1309935K [0x000000066ab00000, 0x00000006fb980000, 0x00000007c0000000)
  eden space 791040K, 100% used [0x000000066ab00000,0x000000069af80000,0x000000069af80000)
  from space 774144K, 67% used [0x000000069af80000,0x00000006baa3bcd8,0x00000006ca380000)
  to   space 763392K, 0% used [0x00000006cd000000,0x00000006cd000000,0x00000006fb980000)
 ParOldGen       total 1038336K, used 897374K [0x00000003c0000000, 0x00000003ff600000, 0x000000066ab00000)
  object space 1038336K, 86% used [0x00000003c0000000,0x00000003f6c57bd8,0x00000003ff600000)
 Metaspace       used 71771K, capacity 72168K, committed 72704K, reserved 1114112K
  class space    used 8572K, capacity 8675K, committed 8704K, reserved 1048576K
Event: 164.117 GC heap after
Heap after GC invocations=75 (full 11):
 PSYoungGen      total 1603584K, used 541696K [0x000000066ab00000, 0x00000006fb380000, 0x00000007c0000000)
  eden space 846336K, 0% used [0x000000066ab00000,0x000000066ab00000,0x000000069e580000)
  from space 757248K, 71% used [0x00000006cd000000,0x00000006ee100370,0x00000006fb380000)
  to   space 760832K, 0% used [0x000000069e580000,0x000000069e580000,0x00000006ccc80000)
 ParOldGen       total 1038336K, used 932926K [0x00000003c0000000, 0x00000003ff600000, 0x000000066ab00000)
  object space 1038336K, 89% used [0x00000003c0000000,0x00000003f8f0fa88,0x00000003ff600000)
 Metaspace       used 71771K, capacity 72168K, committed 72704K, reserved 1114112K
  class space    used 8572K, capacity 8675K, committed 8704K, reserved 1048576K
}
Event: 167.652 GC heap before
{Heap before GC invocations=76 (full 11):
 PSYoungGen      total 1603584K, used 1388032K [0x000000066ab00000, 0x00000006fb380000, 0x00000007c0000000)
  eden space 846336K, 100% used [0x000000066ab00000,0x000000069e580000,0x000000069e580000)
  from space 757248K, 71% used [0x00000006cd000000,0x00000006ee100370,0x00000006fb380000)
  to   space 760832K, 0% used [0x000000069e580000,0x000000069e580000,0x00000006ccc80000)
 ParOldGen       total 1038336K, used 932926K [0x00000003c0000000, 0x00000003ff600000, 0x000000066ab00000)
  object space 1038336K, 89% used [0x00000003c0000000,0x00000003f8f0fa88,0x00000003ff600000)
 Metaspace       used 76104K, capacity 76456K, committed 76928K, reserved 1116160K
  class space    used 9123K, capacity 9251K, committed 9344K, reserved 1048576K
Event: 168.009 GC heap after
Heap after GC invocations=76 (full 11):
 PSYoungGen      total 1607168K, used 550407K [0x000000066ab00000, 0x00000006feb00000, 0x00000007c0000000)
  eden space 846336K, 0% used [0x000000066ab00000,0x000000066ab00000,0x000000069e580000)
  from space 760832K, 72% used [0x000000069e580000,0x00000006bff01c58,0x00000006ccc80000)
  to   space 759808K, 0% used [0x00000006d0500000,0x00000006d0500000,0x00000006feb00000)
 ParOldGen       total 1038336K, used 966333K [0x00000003c0000000, 0x00000003ff600000, 0x000000066ab00000)
  object space 1038336K, 93% used [0x00000003c0000000,0x00000003fafaf430,0x00000003ff600000)
 Metaspace       used 76104K, capacity 76456K, committed 76928K, reserved 1116160K
  class space    used 9123K, capacity 9251K, committed 9344K, reserved 1048576K
}
Event: 172.986 GC heap before
{Heap before GC invocations=77 (full 11):
 PSYoungGen      total 1607168K, used 1396743K [0x000000066ab00000, 0x00000006feb00000, 0x00000007c0000000)
  eden space 846336K, 100% used [0x000000066ab00000,0x000000069e580000,0x000000069e580000)
  from space 760832K, 72% used [0x000000069e580000,0x00000006bff01c58,0x00000006ccc80000)
  to   space 759808K, 0% used [0x00000006d0500000,0x00000006d0500000,0x00000006feb00000)
 ParOldGen       total 1038336K, used 966333K [0x00000003c0000000, 0x00000003ff600000, 0x000000066ab00000)
  object space 1038336K, 93% used [0x00000003c0000000,0x00000003fafaf430,0x00000003ff600000)
 Metaspace       used 77406K, capacity 77768K, committed 78336K, reserved 1118208K
  class space    used 9311K, capacity 9411K, committed 9472K, reserved 1048576K
Event: 173.498 GC heap after
Heap after GC invocations=77 (full 11):
 PSYoungGen      total 1661440K, used 568218K [0x000000066ab00000, 0x00000006ff200000, 0x00000007c0000000)
  eden space 901632K, 0% used [0x000000066ab00000,0x000000066ab00000,0x00000006a1b80000)
  from space 759808K, 74% used [0x00000006d0500000,0x00000006f2fe6900,0x00000006feb00000)
  to   space 763392K, 0% used [0x00000006a1b80000,0x00000006a1b80000,0x00000006d0500000)
 ParOldGen       total 1038336K, used 1003043K [0x00000003c0000000, 0x00000003ff600000, 0x000000066ab00000)
  object space 1038336K, 96% used [0x00000003c0000000,0x00000003fd388de8,0x00000003ff600000)
 Metaspace       used 77406K, capacity 77768K, committed 78336K, reserved 1118208K
  class space    used 9311K, capacity 9411K, committed 9472K, reserved 1048576K
}
Event: 173.498 GC heap before
{Heap before GC invocations=78 (full 12):
 PSYoungGen      total 1661440K, used 568218K [0x000000066ab00000, 0x00000006ff200000, 0x00000007c0000000)
  eden space 901632K, 0% used [0x000000066ab00000,0x000000066ab00000,0x00000006a1b80000)
  from space 759808K, 74% used [0x00000006d0500000,0x00000006f2fe6900,0x00000006feb00000)
  to   space 763392K, 0% used [0x00000006a1b80000,0x00000006a1b80000,0x00000006d0500000)
 ParOldGen       total 1038336K, used 1003043K [0x00000003c0000000, 0x00000003ff600000, 0x000000066ab00000)
  object space 1038336K, 96% used [0x00000003c0000000,0x00000003fd388de8,0x00000003ff600000)
 Metaspace       used 77406K, capacity 77768K, committed 78336K, reserved 1118208K
  class space    used 9311K, capacity 9411K, committed 9472K, reserved 1048576K

