# JRE version: OpenJDK Runtime Environment (8.0_222-b10) (build 1.8.0_222-8u222-b10-1ubuntu1~18.04.1-b10)
# Java VM: OpenJDK 64-Bit Server VM (25.222-b10 mixed mode linux-amd64 compressed oops)
Heap:
 PSYoungGen      total 1731584K, used 300821K [0x000000066ab00000, 0x00000006eb300000, 0x00000007c0000000)
  eden space 1418752K, 0% used [0x000000066ab00000,0x000000066ab00000,0x00000006c1480000)
  from space 312832K, 96% used [0x00000006c1480000,0x00000006d3a457e0,0x00000006d4600000)
  to   space 255488K, 0% used [0x00000006d4600000,0x00000006d4600000,0x00000006e3f80000)
 ParOldGen       total 1128960K, used 833026K [0x00000003c0000000, 0x0000000404e80000, 0x000000066ab00000)
  object space 1128960K, 73% used [0x00000003c0000000,0x00000003f2d80ac0,0x0000000404e80000)
 Metaspace       used 56071K, capacity 56512K, committed 57088K, reserved 1099776K
  class space    used 6646K, capacity 6787K, committed 6912K, reserved 1048576K
GC Heap History (10 events):
Event: 74.834 GC heap after
Heap after GC invocations=26 (full 3):
 PSYoungGen      total 1387008K, used 179174K [0x000000066ab00000, 0x00000006d8d80000, 0x00000007c0000000)
  eden space 1207808K, 0% used [0x000000066ab00000,0x000000066ab00000,0x00000006b4680000)
  from space 179200K, 99% used [0x00000006b4680000,0x00000006bf579b38,0x00000006bf580000)
  to   space 221696K, 0% used [0x00000006cb500000,0x00000006cb500000,0x00000006d8d80000)
 ParOldGen       total 725504K, used 588140K [0x00000003c0000000, 0x00000003ec480000, 0x000000066ab00000)
  object space 725504K, 81% used [0x00000003c0000000,0x00000003e3e5b3e0,0x00000003ec480000)
 Metaspace       used 48344K, capacity 48691K, committed 49024K, reserved 1093632K
  class space    used 5637K, capacity 5757K, committed 5760K, reserved 1048576K
}
Event: 81.323 GC heap before
{Heap before GC invocations=27 (full 3):
 PSYoungGen      total 1387008K, used 1386982K [0x000000066ab00000, 0x00000006d8d80000, 0x00000007c0000000)
  eden space 1207808K, 100% used [0x000000066ab00000,0x00000006b4680000,0x00000006b4680000)
  from space 179200K, 99% used [0x00000006b4680000,0x00000006bf579b38,0x00000006bf580000)
  to   space 221696K, 0% used [0x00000006cb500000,0x00000006cb500000,0x00000006d8d80000)
 ParOldGen       total 725504K, used 588140K [0x00000003c0000000, 0x00000003ec480000, 0x000000066ab00000)
  object space 725504K, 81% used [0x00000003c0000000,0x00000003e3e5b3e0,0x00000003ec480000)
 Metaspace       used 49561K, capacity 49945K, committed 50560K, reserved 1093632K
  class space    used 5793K, capacity 5918K, committed 6016K, reserved 1048576K
Event: 81.685 GC heap after
Heap after GC invocations=27 (full 3):
 PSYoungGen      total 1570304K, used 157344K [0x000000066ab00000, 0x00000006dbc80000, 0x00000007c0000000)
  eden space 1348608K, 0% used [0x000000066ab00000,0x000000066ab00000,0x00000006bd000000)
  from space 221696K, 70% used [0x00000006cb500000,0x00000006d4ea8258,0x00000006d8d80000)
  to   space 234496K, 0% used [0x00000006bd000000,0x00000006bd000000,0x00000006cb500000)
 ParOldGen       total 725504K, used 696645K [0x00000003c0000000, 0x00000003ec480000, 0x000000066ab00000)
  object space 725504K, 96% used [0x00000003c0000000,0x00000003ea8517a0,0x00000003ec480000)
 Metaspace       used 49561K, capacity 49945K, committed 50560K, reserved 1093632K
  class space    used 5793K, capacity 5918K, committed 6016K, reserved 1048576K
}
Event: 81.685 GC heap before
{Heap before GC invocations=28 (full 4):
 PSYoungGen      total 1570304K, used 157344K [0x000000066ab00000, 0x00000006dbc80000, 0x00000007c0000000)
  eden space 1348608K, 0% used [0x000000066ab00000,0x000000066ab00000,0x00000006bd000000)
  from space 221696K, 70% used [0x00000006cb500000,0x00000006d4ea8258,0x00000006d8d80000)
  to   space 234496K, 0% used [0x00000006bd000000,0x00000006bd000000,0x00000006cb500000)
 ParOldGen       total 725504K, used 696645K [0x00000003c0000000, 0x00000003ec480000, 0x000000066ab00000)
  object space 725504K, 96% used [0x00000003c0000000,0x00000003ea8517a0,0x00000003ec480000)
 Metaspace       used 49561K, capacity 49945K, committed 50560K, reserved 1093632K
  class space    used 5793K, capacity 5918K, committed 6016K, reserved 1048576K
Event: 84.697 GC heap after
Heap after GC invocations=28 (full 4):
 PSYoungGen      total 1570304K, used 71182K [0x000000066ab00000, 0x00000006dbc80000, 0x00000007c0000000)
  eden space 1348608K, 0% used [0x000000066ab00000,0x000000066ab00000,0x00000006bd000000)
  from space 221696K, 32% used [0x00000006cb500000,0x00000006cfa838c8,0x00000006d8d80000)
  to   space 234496K, 0% used [0x00000006bd000000,0x00000006bd000000,0x00000006cb500000)
 ParOldGen       total 1128960K, used 725023K [0x00000003c0000000, 0x0000000404e80000, 0x000000066ab00000)
  object space 1128960K, 64% used [0x00000003c0000000,0x00000003ec407d10,0x0000000404e80000)
 Metaspace       used 49561K, capacity 49945K, committed 50560K, reserved 1093632K
  class space    used 5793K, capacity 5918K, committed 6016K, reserved 1048576K
}
Event: 92.518 GC heap before
{Heap before GC invocations=29 (full 4):
 PSYoungGen      total 1570304K, used 1419790K [0x000000066ab00000, 0x00000006dbc80000, 0x00000007c0000000)
  eden space 1348608K, 100% used [0x000000066ab00000,0x00000006bd000000,0x00000006bd000000)
  from space 221696K, 32% used [0x00000006cb500000,0x00000006cfa838c8,0x00000006d8d80000)
  to   space 234496K, 0% used [0x00000006bd000000,0x00000006bd000000,0x00000006cb500000)
 ParOldGen       total 1128960K, used 725023K [0x00000003c0000000, 0x0000000404e80000, 0x000000066ab00000)
  object space 1128960K, 64% used [0x00000003c0000000,0x00000003ec407d10,0x0000000404e80000)
 Metaspace       used 50841K, capacity 51193K, committed 51712K, reserved 1095680K
  class space    used 5953K, capacity 6078K, committed 6144K, reserved 1048576K
Event: 92.742 GC heap after
Heap after GC invocations=29 (full 4):
 PSYoungGen      total 1583104K, used 189097K [0x000000066ab00000, 0x00000006e3f80000, 0x00000007c0000000)
  eden space 1348608K, 0% used [0x000000066ab00000,0x000000066ab00000,0x00000006bd000000)
  from space 234496K, 80% used [0x00000006bd000000,0x00000006c88aa750,0x00000006cb500000)
  to   space 255488K, 0% used [0x00000006d4600000,0x00000006d4600000,0x00000006e3f80000)
 ParOldGen       total 1128960K, used 725023K [0x00000003c0000000, 0x0000000404e80000, 0x000000066ab00000)
  object space 1128960K, 64% used [0x00000003c0000000,0x00000003ec407d10,0x0000000404e80000)
 Metaspace       used 50841K, capacity 51193K, committed 51712K, reserved 1095680K
  class space    used 5953K, capacity 6078K, committed 6144K, reserved 1048576K
}
Event: 100.629 GC heap before
{Heap before GC invocations=30 (full 4):
 PSYoungGen      total 1583104K, used 1537705K [0x000000066ab00000, 0x00000006e3f80000, 0x00000007c0000000)
  eden space 1348608K, 100% used [0x000000066ab00000,0x00000006bd000000,0x00000006bd000000)
  from space 234496K, 80% used [0x00000006bd000000,0x00000006c88aa750,0x00000006cb500000)
  to   space 255488K, 0% used [0x00000006d4600000,0x00000006d4600000,0x00000006e3f80000)
 ParOldGen       total 1128960K, used 725023K [0x00000003c0000000, 0x0000000404e80000, 0x000000066ab00000)
  object space 1128960K, 64% used [0x00000003c0000000,0x00000003ec407d10,0x0000000404e80000)
 Metaspace       used 51380K, capacity 51705K, committed 52224K, reserved 1095680K
  class space    used 6033K, capacity 6142K, committed 6144K, reserved 1048576K
Event: 100.917 GC heap after
Heap after GC invocations=30 (full 4):
 PSYoungGen      total 1674240K, used 255484K [0x000000066ab00000, 0x00000006eb300000, 0x00000007c0000000)
  eden space 1418752K, 0% used [0x000000066ab00000,0x000000066ab00000,0x00000006c1480000)
  from space 255488K, 99% used [0x00000006d4600000,0x00000006e3f7f1c8,0x00000006e3f80000)
  to   space 312832K, 0% used [0x00000006c1480000,0x00000006c1480000,0x00000006d4600000)
 ParOldGen       total 1128960K, used 768048K [0x00000003c0000000, 0x0000000404e80000, 0x000000066ab00000)
  object space 1128960K, 68% used [0x00000003c0000000,0x00000003eee0c2b8,0x0000000404e80000)
 Metaspace       used 51380K, capacity 51705K, committed 52224K, reserved 1095680K
  class space    used 6033K, capacity 6142K, committed 6144K, reserved 1048576K
}
Event: 108.618 GC heap before
{Heap before GC invocations=31 (full 4):
 PSYoungGen      total 1674240K, used 1674236K [0x000000066ab00000, 0x00000006eb300000, 0x00000007c0000000)
  eden space 1418752K, 100% used [0x000000066ab00000,0x00000006c1480000,0x00000006c1480000)
  from space 255488K, 99% used [0x00000006d4600000,0x00000006e3f7f1c8,0x00000006e3f80000)
  to   space 312832K, 0% used [0x00000006c1480000,0x00000006c1480000,0x00000006d4600000)
 ParOldGen       total 1128960K, used 768048K [0x00000003c0000000, 0x0000000404e80000, 0x000000066ab00000)
  object space 1128960K, 68% used [0x00000003c0000000,0x00000003eee0c2b8,0x0000000404e80000)
 Metaspace       used 56071K, capacity 56512K, committed 57088K, reserved 1099776K
  class space    used 6646K, capacity 6787K, committed 6912K, reserved 1048576K

