# JRE version: OpenJDK Runtime Environment (8.0_222-b10) (build 1.8.0_222-8u222-b10-1ubuntu1~18.04.1-b10)
# Java VM: OpenJDK 64-Bit Server VM (25.222-b10 mixed mode linux-amd64 compressed oops)
Heap:
 PSYoungGen      total 1773568K, used 715639K [0x000000066ab00000, 0x0000000714480000, 0x00000007c0000000)
  eden space 872960K, 0% used [0x000000066ab00000,0x000000066ab00000,0x000000069ff80000)
  from space 900608K, 79% used [0x00000006dd500000,0x0000000708fddf50,0x0000000714480000)
  to   space 810496K, 0% used [0x000000069ff80000,0x000000069ff80000,0x00000006d1700000)
 ParOldGen       total 666112K, used 573557K [0x00000003c0000000, 0x00000003e8a80000, 0x000000066ab00000)
  object space 666112K, 86% used [0x00000003c0000000,0x00000003e301d6c8,0x00000003e8a80000)
 Metaspace       used 63898K, capacity 64232K, committed 64768K, reserved 1105920K
  class space    used 7790K, capacity 7907K, committed 7936K, reserved 1048576K
GC Heap History (10 events):
Event: 91.802 GC heap after
Heap after GC invocations=41 (full 6):
 PSYoungGen      total 1340928K, used 463869K [0x000000066ab00000, 0x00000006e8100000, 0x00000007c0000000)
  eden space 860160K, 0% used [0x000000066ab00000,0x000000066ab00000,0x000000069f300000)
  from space 480768K, 96% used [0x000000069f300000,0x00000006bb7ff4c0,0x00000006bc880000)
  to   space 552960K, 0% used [0x00000006c6500000,0x00000006c6500000,0x00000006e8100000)
 ParOldGen       total 666112K, used 542332K [0x00000003c0000000, 0x00000003e8a80000, 0x000000066ab00000)
  object space 666112K, 81% used [0x00000003c0000000,0x00000003e119f000,0x00000003e8a80000)
 Metaspace       used 51344K, capacity 51641K, committed 51968K, reserved 1095680K
  class space    used 6027K, capacity 6142K, committed 6144K, reserved 1048576K
}
Event: 96.058 GC heap before
{Heap before GC invocations=42 (full 6):
 PSYoungGen      total 1340928K, used 1324029K [0x000000066ab00000, 0x00000006e8100000, 0x00000007c0000000)
  eden space 860160K, 100% used [0x000000066ab00000,0x000000069f300000,0x000000069f300000)
  from space 480768K, 96% used [0x000000069f300000,0x00000006bb7ff4c0,0x00000006bc880000)
  to   space 552960K, 0% used [0x00000006c6500000,0x00000006c6500000,0x00000006e8100000)
 ParOldGen       total 666112K, used 542332K [0x00000003c0000000, 0x00000003e8a80000, 0x000000066ab00000)
  object space 666112K, 81% used [0x00000003c0000000,0x00000003e119f000,0x00000003e8a80000)
 Metaspace       used 53338K, capacity 53733K, committed 54400K, reserved 1097728K
  class space    used 6321K, capacity 6432K, committed 6528K, reserved 1048576K
Event: 96.443 GC heap after
Heap after GC invocations=42 (full 6):
 PSYoungGen      total 1419776K, used 527777K [0x000000066ab00000, 0x00000006f2680000, 0x00000007c0000000)
  eden space 866816K, 0% used [0x000000066ab00000,0x000000066ab00000,0x000000069f980000)
  from space 552960K, 95% used [0x00000006c6500000,0x00000006e6868528,0x00000006e8100000)
  to   space 634368K, 0% used [0x000000069f980000,0x000000069f980000,0x00000006c6500000)
 ParOldGen       total 666112K, used 542340K [0x00000003c0000000, 0x00000003e8a80000, 0x000000066ab00000)
  object space 666112K, 81% used [0x00000003c0000000,0x00000003e11a1000,0x00000003e8a80000)
 Metaspace       used 53338K, capacity 53733K, committed 54400K, reserved 1097728K
  class space    used 6321K, capacity 6432K, committed 6528K, reserved 1048576K
}
Event: 101.102 GC heap before
{Heap before GC invocations=43 (full 6):
 PSYoungGen      total 1419776K, used 1394593K [0x000000066ab00000, 0x00000006f2680000, 0x00000007c0000000)
  eden space 866816K, 100% used [0x000000066ab00000,0x000000069f980000,0x000000069f980000)
  from space 552960K, 95% used [0x00000006c6500000,0x00000006e6868528,0x00000006e8100000)
  to   space 634368K, 0% used [0x000000069f980000,0x000000069f980000,0x00000006c6500000)
 ParOldGen       total 666112K, used 542340K [0x00000003c0000000, 0x00000003e8a80000, 0x000000066ab00000)
  object space 666112K, 81% used [0x00000003c0000000,0x00000003e11a1000,0x00000003e8a80000)
 Metaspace       used 56426K, capacity 56800K, committed 57344K, reserved 1099776K
  class space    used 6704K, capacity 6819K, committed 6912K, reserved 1048576K
Event: 101.424 GC heap after
Heap after GC invocations=43 (full 6):
 PSYoungGen      total 1501184K, used 584966K [0x000000066ab00000, 0x00000006fd680000, 0x00000007c0000000)
  eden space 866816K, 0% used [0x000000066ab00000,0x000000066ab00000,0x000000069f980000)
  from space 634368K, 92% used [0x000000069f980000,0x00000006c34c1910,0x00000006c6500000)
  to   space 720384K, 0% used [0x00000006d1700000,0x00000006d1700000,0x00000006fd680000)
 ParOldGen       total 666112K, used 542348K [0x00000003c0000000, 0x00000003e8a80000, 0x000000066ab00000)
  object space 666112K, 81% used [0x00000003c0000000,0x00000003e11a3000,0x00000003e8a80000)
 Metaspace       used 56426K, capacity 56800K, committed 57344K, reserved 1099776K
  class space    used 6704K, capacity 6819K, committed 6912K, reserved 1048576K
}
Event: 105.898 GC heap before
{Heap before GC invocations=44 (full 6):
 PSYoungGen      total 1501184K, used 1451782K [0x000000066ab00000, 0x00000006fd680000, 0x00000007c0000000)
  eden space 866816K, 100% used [0x000000066ab00000,0x000000069f980000,0x000000069f980000)
  from space 634368K, 92% used [0x000000069f980000,0x00000006c34c1910,0x00000006c6500000)
  to   space 720384K, 0% used [0x00000006d1700000,0x00000006d1700000,0x00000006fd680000)
 ParOldGen       total 666112K, used 542348K [0x00000003c0000000, 0x00000003e8a80000, 0x000000066ab00000)
  object space 666112K, 81% used [0x00000003c0000000,0x00000003e11a3000,0x00000003e8a80000)
 Metaspace       used 60309K, capacity 60704K, committed 61312K, reserved 1103872K
  class space    used 7343K, capacity 7459K, committed 7552K, reserved 1048576K
Event: 106.389 GC heap after
Heap after GC invocations=44 (full 6):
 PSYoungGen      total 1593344K, used 644571K [0x000000066ab00000, 0x0000000708d80000, 0x00000007c0000000)
  eden space 872960K, 0% used [0x000000066ab00000,0x000000066ab00000,0x000000069ff80000)
  from space 720384K, 89% used [0x00000006d1700000,0x00000006f8c76d50,0x00000006fd680000)
  to   space 810496K, 0% used [0x000000069ff80000,0x000000069ff80000,0x00000006d1700000)
 ParOldGen       total 666112K, used 542356K [0x00000003c0000000, 0x00000003e8a80000, 0x000000066ab00000)
  object space 666112K, 81% used [0x00000003c0000000,0x00000003e11a5000,0x00000003e8a80000)
 Metaspace       used 60309K, capacity 60704K, committed 61312K, reserved 1103872K
  class space    used 7343K, capacity 7459K, committed 7552K, reserved 1048576K
}
Event: 111.368 GC heap before
{Heap before GC invocations=45 (full 6):
 PSYoungGen      total 1593344K, used 1517531K [0x000000066ab00000, 0x0000000708d80000, 0x00000007c0000000)
  eden space 872960K, 100% used [0x000000066ab00000,0x000000069ff80000,0x000000069ff80000)
  from space 720384K, 89% used [0x00000006d1700000,0x00000006f8c76d50,0x00000006fd680000)
  to   space 810496K, 0% used [0x000000069ff80000,0x000000069ff80000,0x00000006d1700000)
 ParOldGen       total 666112K, used 542356K [0x00000003c0000000, 0x00000003e8a80000, 0x000000066ab00000)
  object space 666112K, 81% used [0x00000003c0000000,0x00000003e11a5000,0x00000003e8a80000)
 Metaspace       used 62905K, capacity 63304K, committed 63744K, reserved 1105920K
  class space    used 7700K, capacity 7811K, committed 7936K, reserved 1048576K
Event: 111.756 GC heap after
Heap after GC invocations=45 (full 6):
 PSYoungGen      total 1683456K, used 695259K [0x000000066ab00000, 0x0000000714480000, 0x00000007c0000000)
  eden space 872960K, 0% used [0x000000066ab00000,0x000000066ab00000,0x000000069ff80000)
  from space 810496K, 85% used [0x000000069ff80000,0x00000006ca676ca0,0x00000006d1700000)
  to   space 900608K, 0% used [0x00000006dd500000,0x00000006dd500000,0x0000000714480000)
 ParOldGen       total 666112K, used 542364K [0x00000003c0000000, 0x00000003e8a80000, 0x000000066ab00000)
  object space 666112K, 81% used [0x00000003c0000000,0x00000003e11a7000,0x00000003e8a80000)
 Metaspace       used 62905K, capacity 63304K, committed 63744K, reserved 1105920K
  class space    used 7700K, capacity 7811K, committed 7936K, reserved 1048576K
}
Event: 115.705 GC heap before
{Heap before GC invocations=46 (full 6):
 PSYoungGen      total 1683456K, used 1568219K [0x000000066ab00000, 0x0000000714480000, 0x00000007c0000000)
  eden space 872960K, 100% used [0x000000066ab00000,0x000000069ff80000,0x000000069ff80000)
  from space 810496K, 85% used [0x000000069ff80000,0x00000006ca676ca0,0x00000006d1700000)
  to   space 900608K, 0% used [0x00000006dd500000,0x00000006dd500000,0x0000000714480000)
 ParOldGen       total 666112K, used 542364K [0x00000003c0000000, 0x00000003e8a80000, 0x000000066ab00000)
  object space 666112K, 81% used [0x00000003c0000000,0x00000003e11a7000,0x00000003e8a80000)
 Metaspace       used 63898K, capacity 64232K, committed 64768K, reserved 1105920K
  class space    used 7790K, capacity 7907K, committed 7936K, reserved 1048576K

