# JRE version: OpenJDK Runtime Environment (8.0_222-b10) (build 1.8.0_222-8u222-b10-1ubuntu1~18.04.1-b10)
# Java VM: OpenJDK 64-Bit Server VM (25.222-b10 mixed mode linux-amd64 compressed oops)
Heap:
 PSYoungGen      total 1698304K, used 591826K [0x000000066ab00000, 0x0000000702b80000, 0x00000007c0000000)
  eden space 950272K, 0% used [0x000000066ab00000,0x000000066ab00000,0x00000006a4b00000)
  from space 748032K, 79% used [0x00000006a4b00000,0x00000006c8cf4b90,0x00000006d2580000)
  to   space 709120K, 0% used [0x00000006d2580000,0x00000006d2580000,0x00000006fda00000)
 ParOldGen       total 650752K, used 516072K [0x00000003c0000000, 0x00000003e7b80000, 0x000000066ab00000)
  object space 650752K, 79% used [0x00000003c0000000,0x00000003df7fa360,0x00000003e7b80000)
 Metaspace       used 58382K, capacity 58720K, committed 59136K, reserved 1101824K
  class space    used 7019K, capacity 7139K, committed 7168K, reserved 1048576K
GC Heap History (10 events):
Event: 95.250 GC heap after
Heap after GC invocations=40 (full 5):
 PSYoungGen      total 1444864K, used 448044K [0x000000066ab00000, 0x00000006f3200000, 0x00000007c0000000)
  eden space 825856K, 0% used [0x000000066ab00000,0x000000066ab00000,0x000000069d180000)
  from space 619008K, 72% used [0x000000069d180000,0x00000006b870b050,0x00000006c2e00000)
  to   space 653824K, 0% used [0x00000006cb380000,0x00000006cb380000,0x00000006f3200000)
 ParOldGen       total 482304K, used 426690K [0x00000003c0000000, 0x00000003dd700000, 0x000000066ab00000)
  object space 482304K, 88% used [0x00000003c0000000,0x00000003da0b0a40,0x00000003dd700000)
 Metaspace       used 50636K, capacity 51033K, committed 51456K, reserved 1095680K
  class space    used 5924K, capacity 6046K, committed 6144K, reserved 1048576K
}
Event: 100.668 GC heap before
{Heap before GC invocations=41 (full 5):
 PSYoungGen      total 1444864K, used 1273900K [0x000000066ab00000, 0x00000006f3200000, 0x00000007c0000000)
  eden space 825856K, 100% used [0x000000066ab00000,0x000000069d180000,0x000000069d180000)
  from space 619008K, 72% used [0x000000069d180000,0x00000006b870b050,0x00000006c2e00000)
  to   space 653824K, 0% used [0x00000006cb380000,0x00000006cb380000,0x00000006f3200000)
 ParOldGen       total 482304K, used 426690K [0x00000003c0000000, 0x00000003dd700000, 0x000000066ab00000)
  object space 482304K, 88% used [0x00000003c0000000,0x00000003da0b0a40,0x00000003dd700000)
 Metaspace       used 50903K, capacity 51257K, committed 51712K, reserved 1095680K
  class space    used 5973K, capacity 6078K, committed 6144K, reserved 1048576K
Event: 101.031 GC heap after
Heap after GC invocations=41 (full 5):
 PSYoungGen      total 1548800K, used 467386K [0x000000066ab00000, 0x00000006f7300000, 0x00000007c0000000)
  eden space 894976K, 0% used [0x000000066ab00000,0x000000066ab00000,0x00000006a1500000)
  from space 653824K, 71% used [0x00000006cb380000,0x00000006e7bee9a8,0x00000006f3200000)
  to   space 686592K, 0% used [0x00000006a1500000,0x00000006a1500000,0x00000006cb380000)
 ParOldGen       total 482304K, used 459635K [0x00000003c0000000, 0x00000003dd700000, 0x000000066ab00000)
  object space 482304K, 95% used [0x00000003c0000000,0x00000003dc0dcd10,0x00000003dd700000)
 Metaspace       used 50903K, capacity 51257K, committed 51712K, reserved 1095680K
  class space    used 5973K, capacity 6078K, committed 6144K, reserved 1048576K
}
Event: 101.031 GC heap before
{Heap before GC invocations=42 (full 6):
 PSYoungGen      total 1548800K, used 467386K [0x000000066ab00000, 0x00000006f7300000, 0x00000007c0000000)
  eden space 894976K, 0% used [0x000000066ab00000,0x000000066ab00000,0x00000006a1500000)
  from space 653824K, 71% used [0x00000006cb380000,0x00000006e7bee9a8,0x00000006f3200000)
  to   space 686592K, 0% used [0x00000006a1500000,0x00000006a1500000,0x00000006cb380000)
 ParOldGen       total 482304K, used 459635K [0x00000003c0000000, 0x00000003dd700000, 0x000000066ab00000)
  object space 482304K, 95% used [0x00000003c0000000,0x00000003dc0dcd10,0x00000003dd700000)
 Metaspace       used 50903K, capacity 51257K, committed 51712K, reserved 1095680K
  class space    used 5973K, capacity 6078K, committed 6144K, reserved 1048576K
Event: 104.140 GC heap after
Heap after GC invocations=42 (full 6):
 PSYoungGen      total 1548800K, used 434976K [0x000000066ab00000, 0x00000006f7300000, 0x00000007c0000000)
  eden space 894976K, 0% used [0x000000066ab00000,0x000000066ab00000,0x00000006a1500000)
  from space 653824K, 66% used [0x00000006cb380000,0x00000006e5c48150,0x00000006f3200000)
  to   space 686592K, 0% used [0x00000006a1500000,0x00000006a1500000,0x00000006cb380000)
 ParOldGen       total 650752K, used 481827K [0x00000003c0000000, 0x00000003e7b80000, 0x000000066ab00000)
  object space 650752K, 74% used [0x00000003c0000000,0x00000003dd688e88,0x00000003e7b80000)
 Metaspace       used 50903K, capacity 51257K, committed 51712K, reserved 1095680K
  class space    used 5973K, capacity 6078K, committed 6144K, reserved 1048576K
}
Event: 109.668 GC heap before
{Heap before GC invocations=43 (full 6):
 PSYoungGen      total 1548800K, used 1329952K [0x000000066ab00000, 0x00000006f7300000, 0x00000007c0000000)
  eden space 894976K, 100% used [0x000000066ab00000,0x00000006a1500000,0x00000006a1500000)
  from space 653824K, 66% used [0x00000006cb380000,0x00000006e5c48150,0x00000006f3200000)
  to   space 686592K, 0% used [0x00000006a1500000,0x00000006a1500000,0x00000006cb380000)
 ParOldGen       total 650752K, used 481827K [0x00000003c0000000, 0x00000003e7b80000, 0x000000066ab00000)
  object space 650752K, 74% used [0x00000003c0000000,0x00000003dd688e88,0x00000003e7b80000)
 Metaspace       used 51296K, capacity 51641K, committed 51968K, reserved 1095680K
  class space    used 6031K, capacity 6142K, committed 6144K, reserved 1048576K
Event: 110.009 GC heap after
Heap after GC invocations=43 (full 6):
 PSYoungGen      total 1581568K, used 461295K [0x000000066ab00000, 0x00000006fda00000, 0x00000007c0000000)
  eden space 894976K, 0% used [0x000000066ab00000,0x000000066ab00000,0x00000006a1500000)
  from space 686592K, 67% used [0x00000006a1500000,0x00000006bd77bff8,0x00000006cb380000)
  to   space 709120K, 0% used [0x00000006d2580000,0x00000006d2580000,0x00000006fda00000)
 ParOldGen       total 650752K, used 516064K [0x00000003c0000000, 0x00000003e7b80000, 0x000000066ab00000)
  object space 650752K, 79% used [0x00000003c0000000,0x00000003df7f8360,0x00000003e7b80000)
 Metaspace       used 51296K, capacity 51641K, committed 51968K, reserved 1095680K
  class space    used 6031K, capacity 6142K, committed 6144K, reserved 1048576K
}
Event: 114.403 GC heap before
{Heap before GC invocations=44 (full 6):
 PSYoungGen      total 1581568K, used 1356271K [0x000000066ab00000, 0x00000006fda00000, 0x00000007c0000000)
  eden space 894976K, 100% used [0x000000066ab00000,0x00000006a1500000,0x00000006a1500000)
  from space 686592K, 67% used [0x00000006a1500000,0x00000006bd77bff8,0x00000006cb380000)
  to   space 709120K, 0% used [0x00000006d2580000,0x00000006d2580000,0x00000006fda00000)
 ParOldGen       total 650752K, used 516064K [0x00000003c0000000, 0x00000003e7b80000, 0x000000066ab00000)
  object space 650752K, 79% used [0x00000003c0000000,0x00000003df7f8360,0x00000003e7b80000)
 Metaspace       used 53420K, capacity 53765K, committed 54400K, reserved 1097728K
  class space    used 6349K, capacity 6464K, committed 6528K, reserved 1048576K
Event: 114.759 GC heap after
Heap after GC invocations=44 (full 6):
 PSYoungGen      total 1659392K, used 524091K [0x000000066ab00000, 0x0000000702b80000, 0x00000007c0000000)
  eden space 950272K, 0% used [0x000000066ab00000,0x000000066ab00000,0x00000006a4b00000)
  from space 709120K, 73% used [0x00000006d2580000,0x00000006f254ee18,0x00000006fda00000)
  to   space 748032K, 0% used [0x00000006a4b00000,0x00000006a4b00000,0x00000006d2580000)
 ParOldGen       total 650752K, used 516064K [0x00000003c0000000, 0x00000003e7b80000, 0x000000066ab00000)
  object space 650752K, 79% used [0x00000003c0000000,0x00000003df7f8360,0x00000003e7b80000)
 Metaspace       used 53420K, capacity 53765K, committed 54400K, reserved 1097728K
  class space    used 6349K, capacity 6464K, committed 6528K, reserved 1048576K
}
Event: 120.457 GC heap before
{Heap before GC invocations=45 (full 6):
 PSYoungGen      total 1659392K, used 1474363K [0x000000066ab00000, 0x0000000702b80000, 0x00000007c0000000)
  eden space 950272K, 100% used [0x000000066ab00000,0x00000006a4b00000,0x00000006a4b00000)
  from space 709120K, 73% used [0x00000006d2580000,0x00000006f254ee18,0x00000006fda00000)
  to   space 748032K, 0% used [0x00000006a4b00000,0x00000006a4b00000,0x00000006d2580000)
 ParOldGen       total 650752K, used 516064K [0x00000003c0000000, 0x00000003e7b80000, 0x000000066ab00000)
  object space 650752K, 79% used [0x00000003c0000000,0x00000003df7f8360,0x00000003e7b80000)
 Metaspace       used 58382K, capacity 58720K, committed 59136K, reserved 1101824K
  class space    used 7019K, capacity 7139K, committed 7168K, reserved 1048576K

