# JRE version: OpenJDK Runtime Environment (11.0.4+11) (build 11.0.4+11-post-Ubuntu-1ubuntu218.04.3)
# Java VM: OpenJDK 64-Bit Server VM (11.0.4+11-post-Ubuntu-1ubuntu218.04.3, mixed mode, tiered, g1 gc, linux-amd64)
Heap:
 garbage-first heap   total 7585792K, used 560055K [0x00007f4c24000000, 0x00007f5424000000)
  region size 8192K, 5 young (40960K), 5 survivors (40960K)
 Metaspace       used 19485K, capacity 19730K, committed 19968K, reserved 20480K
GC Heap History (10 events):
Event: 8.173 GC heap after
{Heap after GC invocations=20 (full 0):
 garbage-first heap   total 1884160K, used 486253K [0x00007f4c24000000, 0x00007f5424000000)
  region size 8192K, 6 young (49152K), 6 survivors (49152K)
 Metaspace       used 18354K, capacity 18607K, committed 18944K, reserved 20480K
}
Event: 9.328 GC heap before
{Heap before GC invocations=20 (full 0):
 garbage-first heap   total 1884160K, used 1469293K [0x00007f4c24000000, 0x00007f5424000000)
  region size 8192K, 126 young (1032192K), 6 survivors (49152K)
 Metaspace       used 18376K, capacity 18607K, committed 18944K, reserved 20480K
}
Event: 9.422 GC heap after
{Heap after GC invocations=21 (full 0):
 garbage-first heap   total 3792896K, used 524395K [0x00007f4c24000000, 0x00007f5424000000)
  region size 8192K, 10 young (81920K), 10 survivors (81920K)
 Metaspace       used 18376K, capacity 18607K, committed 18944K, reserved 20480K
}
Event: 10.326 GC heap before
{Heap before GC invocations=21 (full 0):
 garbage-first heap   total 3792896K, used 966763K [0x00007f4c24000000, 0x00007f5424000000)
  region size 8192K, 64 young (524288K), 10 survivors (81920K)
 Metaspace       used 18637K, capacity 18821K, committed 18944K, reserved 20480K
}
Event: 10.461 GC heap after
{Heap after GC invocations=22 (full 0):
 garbage-first heap   total 3792896K, used 543080K [0x00007f4c24000000, 0x00007f5424000000)
  region size 8192K, 3 young (24576K), 3 survivors (24576K)
 Metaspace       used 18637K, capacity 18821K, committed 18944K, reserved 20480K
}
Event: 11.590 GC heap before
{Heap before GC invocations=22 (full 0):
 garbage-first heap   total 3792896K, used 1337704K [0x00007f4c24000000, 0x00007f5424000000)
  region size 8192K, 100 young (819200K), 3 survivors (24576K)
 Metaspace       used 18670K, capacity 18885K, committed 19200K, reserved 20480K
}
Event: 11.625 GC heap after
{Heap after GC invocations=23 (full 0):
 garbage-first heap   total 3792896K, used 544538K [0x00007f4c24000000, 0x00007f5424000000)
  region size 8192K, 3 young (24576K), 3 survivors (24576K)
 Metaspace       used 18670K, capacity 18885K, committed 19200K, reserved 20480K
}
Event: 13.963 GC heap before
{Heap before GC invocations=23 (full 0):
 garbage-first heap   total 3792896K, used 1363738K [0x00007f4c24000000, 0x00007f5424000000)
  region size 8192K, 103 young (843776K), 3 survivors (24576K)
 Metaspace       used 19459K, capacity 19664K, committed 19712K, reserved 20480K
}
Event: 14.021 GC heap after
{Heap after GC invocations=24 (full 0):
 garbage-first heap   total 3792896K, used 556789K [0x00007f4c24000000, 0x00007f5424000000)
  region size 8192K, 5 young (40960K), 5 survivors (40960K)
 Metaspace       used 19459K, capacity 19664K, committed 19712K, reserved 20480K
}
Event: 15.347 GC heap before
{Heap before GC invocations=24 (full 0):
 garbage-first heap   total 3792896K, used 1400565K [0x00007f4c24000000, 0x00007f5424000000)
  region size 8192K, 108 young (884736K), 5 survivors (40960K)
 Metaspace       used 19485K, capacity 19730K, committed 19968K, reserved 20480K
}

