# JRE version: OpenJDK Runtime Environment (8.0_222-b10) (build 1.8.0_222-8u222-b10-1ubuntu1~18.04.1-b10)
# Java VM: OpenJDK 64-Bit Server VM (25.222-b10 mixed mode linux-amd64 compressed oops)
Heap:
 PSYoungGen      total 1722880K, used 299482K [0x000000066ab00000, 0x00000006e9680000, 0x00000007c0000000)
  eden space 1420288K, 0% used [0x000000066ab00000,0x000000066ab00000,0x00000006c1600000)
  from space 302592K, 98% used [0x00000006c1600000,0x00000006d3a76be8,0x00000006d3d80000)
  to   space 252928K, 0% used [0x00000006d3d80000,0x00000006d3d80000,0x00000006e3480000)
 ParOldGen       total 1136640K, used 812897K [0x00000003c0000000, 0x0000000405600000, 0x000000066ab00000)
  object space 1136640K, 71% used [0x00000003c0000000,0x00000003f19d87c0,0x0000000405600000)
 Metaspace       used 56350K, capacity 56736K, committed 57344K, reserved 1099776K
  class space    used 6692K, capacity 6819K, committed 6912K, reserved 1048576K
GC Heap History (10 events):
Event: 71.747 GC heap after
Heap after GC invocations=26 (full 3):
 PSYoungGen      total 1385984K, used 177149K [0x000000066ab00000, 0x00000006d8c80000, 0x00000007c0000000)
  eden space 1208832K, 0% used [0x000000066ab00000,0x000000066ab00000,0x00000006b4780000)
  from space 177152K, 99% used [0x00000006b4780000,0x00000006bf47f620,0x00000006bf480000)
  to   space 219648K, 0% used [0x00000006cb600000,0x00000006cb600000,0x00000006d8c80000)
 ParOldGen       total 729088K, used 590941K [0x00000003c0000000, 0x00000003ec800000, 0x000000066ab00000)
  object space 729088K, 81% used [0x00000003c0000000,0x00000003e41176c0,0x00000003ec800000)
 Metaspace       used 48362K, capacity 48691K, committed 49024K, reserved 1093632K
  class space    used 5637K, capacity 5757K, committed 5760K, reserved 1048576K
}
Event: 78.631 GC heap before
{Heap before GC invocations=27 (full 3):
 PSYoungGen      total 1385984K, used 1385981K [0x000000066ab00000, 0x00000006d8c80000, 0x00000007c0000000)
  eden space 1208832K, 100% used [0x000000066ab00000,0x00000006b4780000,0x00000006b4780000)
  from space 177152K, 99% used [0x00000006b4780000,0x00000006bf47f620,0x00000006bf480000)
  to   space 219648K, 0% used [0x00000006cb600000,0x00000006cb600000,0x00000006d8c80000)
 ParOldGen       total 729088K, used 590941K [0x00000003c0000000, 0x00000003ec800000, 0x000000066ab00000)
  object space 729088K, 81% used [0x00000003c0000000,0x00000003e41176c0,0x00000003ec800000)
 Metaspace       used 49533K, capacity 49881K, committed 50304K, reserved 1093632K
  class space    used 5792K, capacity 5918K, committed 6016K, reserved 1048576K
Event: 78.866 GC heap after
Heap after GC invocations=27 (full 3):
 PSYoungGen      total 1570304K, used 159625K [0x000000066ab00000, 0x00000006dab00000, 0x00000007c0000000)
  eden space 1350656K, 0% used [0x000000066ab00000,0x000000066ab00000,0x00000006bd200000)
  from space 219648K, 72% used [0x00000006cb600000,0x00000006d51e2710,0x00000006d8c80000)
  to   space 233472K, 0% used [0x00000006bd200000,0x00000006bd200000,0x00000006cb600000)
 ParOldGen       total 729088K, used 697327K [0x00000003c0000000, 0x00000003ec800000, 0x000000066ab00000)
  object space 729088K, 95% used [0x00000003c0000000,0x00000003ea8fbd58,0x00000003ec800000)
 Metaspace       used 49533K, capacity 49881K, committed 50304K, reserved 1093632K
  class space    used 5792K, capacity 5918K, committed 6016K, reserved 1048576K
}
Event: 78.866 GC heap before
{Heap before GC invocations=28 (full 4):
 PSYoungGen      total 1570304K, used 159625K [0x000000066ab00000, 0x00000006dab00000, 0x00000007c0000000)
  eden space 1350656K, 0% used [0x000000066ab00000,0x000000066ab00000,0x00000006bd200000)
  from space 219648K, 72% used [0x00000006cb600000,0x00000006d51e2710,0x00000006d8c80000)
  to   space 233472K, 0% used [0x00000006bd200000,0x00000006bd200000,0x00000006cb600000)
 ParOldGen       total 729088K, used 697327K [0x00000003c0000000, 0x00000003ec800000, 0x000000066ab00000)
  object space 729088K, 95% used [0x00000003c0000000,0x00000003ea8fbd58,0x00000003ec800000)
 Metaspace       used 49533K, capacity 49881K, committed 50304K, reserved 1093632K
  class space    used 5792K, capacity 5918K, committed 6016K, reserved 1048576K
Event: 81.888 GC heap after
Heap after GC invocations=28 (full 4):
 PSYoungGen      total 1570304K, used 68684K [0x000000066ab00000, 0x00000006dab00000, 0x00000007c0000000)
  eden space 1350656K, 0% used [0x000000066ab00000,0x000000066ab00000,0x00000006bd200000)
  from space 219648K, 31% used [0x00000006cb600000,0x00000006cf913180,0x00000006d8c80000)
  to   space 233472K, 0% used [0x00000006bd200000,0x00000006bd200000,0x00000006cb600000)
 ParOldGen       total 1136640K, used 728978K [0x00000003c0000000, 0x0000000405600000, 0x000000066ab00000)
  object space 1136640K, 64% used [0x00000003c0000000,0x00000003ec7e4af8,0x0000000405600000)
 Metaspace       used 49533K, capacity 49881K, committed 50304K, reserved 1093632K
  class space    used 5792K, capacity 5918K, committed 6016K, reserved 1048576K
}
Event: 89.673 GC heap before
{Heap before GC invocations=29 (full 4):
 PSYoungGen      total 1570304K, used 1419340K [0x000000066ab00000, 0x00000006dab00000, 0x00000007c0000000)
  eden space 1350656K, 100% used [0x000000066ab00000,0x00000006bd200000,0x00000006bd200000)
  from space 219648K, 31% used [0x00000006cb600000,0x00000006cf913180,0x00000006d8c80000)
  to   space 233472K, 0% used [0x00000006bd200000,0x00000006bd200000,0x00000006cb600000)
 ParOldGen       total 1136640K, used 728978K [0x00000003c0000000, 0x0000000405600000, 0x000000066ab00000)
  object space 1136640K, 64% used [0x00000003c0000000,0x00000003ec7e4af8,0x0000000405600000)
 Metaspace       used 50809K, capacity 51193K, committed 51712K, reserved 1095680K
  class space    used 5953K, capacity 6078K, committed 6144K, reserved 1048576K
Event: 89.935 GC heap after
Heap after GC invocations=29 (full 4):
 PSYoungGen      total 1584128K, used 184268K [0x000000066ab00000, 0x00000006e3480000, 0x00000007c0000000)
  eden space 1350656K, 0% used [0x000000066ab00000,0x000000066ab00000,0x00000006bd200000)
  from space 233472K, 78% used [0x00000006bd200000,0x00000006c85f33d8,0x00000006cb600000)
  to   space 252928K, 0% used [0x00000006d3d80000,0x00000006d3d80000,0x00000006e3480000)
 ParOldGen       total 1136640K, used 728978K [0x00000003c0000000, 0x0000000405600000, 0x000000066ab00000)
  object space 1136640K, 64% used [0x00000003c0000000,0x00000003ec7e4af8,0x0000000405600000)
 Metaspace       used 50809K, capacity 51193K, committed 51712K, reserved 1095680K
  class space    used 5953K, capacity 6078K, committed 6144K, reserved 1048576K
}
Event: 97.428 GC heap before
{Heap before GC invocations=30 (full 4):
 PSYoungGen      total 1584128K, used 1534924K [0x000000066ab00000, 0x00000006e3480000, 0x00000007c0000000)
  eden space 1350656K, 100% used [0x000000066ab00000,0x00000006bd200000,0x00000006bd200000)
  from space 233472K, 78% used [0x00000006bd200000,0x00000006c85f33d8,0x00000006cb600000)
  to   space 252928K, 0% used [0x00000006d3d80000,0x00000006d3d80000,0x00000006e3480000)
 ParOldGen       total 1136640K, used 728978K [0x00000003c0000000, 0x0000000405600000, 0x000000066ab00000)
  object space 1136640K, 64% used [0x00000003c0000000,0x00000003ec7e4af8,0x0000000405600000)
 Metaspace       used 51304K, capacity 51641K, committed 51968K, reserved 1095680K
  class space    used 6033K, capacity 6142K, committed 6144K, reserved 1048576K
Event: 97.658 GC heap after
Heap after GC invocations=30 (full 4):
 PSYoungGen      total 1673216K, used 252909K [0x000000066ab00000, 0x00000006e9680000, 0x00000007c0000000)
  eden space 1420288K, 0% used [0x000000066ab00000,0x000000066ab00000,0x00000006c1600000)
  from space 252928K, 99% used [0x00000006d3d80000,0x00000006e347b750,0x00000006e3480000)
  to   space 302592K, 0% used [0x00000006c1600000,0x00000006c1600000,0x00000006d3d80000)
 ParOldGen       total 1136640K, used 752287K [0x00000003c0000000, 0x0000000405600000, 0x000000066ab00000)
  object space 1136640K, 66% used [0x00000003c0000000,0x00000003edea7e90,0x0000000405600000)
 Metaspace       used 51304K, capacity 51641K, committed 51968K, reserved 1095680K
  class space    used 6033K, capacity 6142K, committed 6144K, reserved 1048576K
}
Event: 106.195 GC heap before
{Heap before GC invocations=31 (full 4):
 PSYoungGen      total 1673216K, used 1673197K [0x000000066ab00000, 0x00000006e9680000, 0x00000007c0000000)
  eden space 1420288K, 100% used [0x000000066ab00000,0x00000006c1600000,0x00000006c1600000)
  from space 252928K, 99% used [0x00000006d3d80000,0x00000006e347b750,0x00000006e3480000)
  to   space 302592K, 0% used [0x00000006c1600000,0x00000006c1600000,0x00000006d3d80000)
 ParOldGen       total 1136640K, used 752287K [0x00000003c0000000, 0x0000000405600000, 0x000000066ab00000)
  object space 1136640K, 66% used [0x00000003c0000000,0x00000003edea7e90,0x0000000405600000)
 Metaspace       used 56350K, capacity 56736K, committed 57344K, reserved 1099776K
  class space    used 6692K, capacity 6819K, committed 6912K, reserved 1048576K

