# JRE version: OpenJDK Runtime Environment (8.0_222-b10) (build 1.8.0_222-8u222-b10-1ubuntu1~18.04.1-b10)
# Java VM: OpenJDK 64-Bit Server VM (25.222-b10 mixed mode linux-amd64 compressed oops)
Heap:
 PSYoungGen      total 1760768K, used 215949K [0x000000066ab00000, 0x00000006e9280000, 0x00000007c0000000)
  eden space 1487360K, 0% used [0x000000066ab00000,0x000000066ab00000,0x00000006c5780000)
  from space 273408K, 78% used [0x00000006c5780000,0x00000006d2a63488,0x00000006d6280000)
  to   space 234496K, 0% used [0x00000006d6280000,0x00000006d6280000,0x00000006e4780000)
 ParOldGen       total 1043456K, used 824603K [0x00000003c0000000, 0x00000003ffb00000, 0x000000066ab00000)
  object space 1043456K, 79% used [0x00000003c0000000,0x00000003f2546cb8,0x00000003ffb00000)
 Metaspace       used 51501K, capacity 51865K, committed 52352K, reserved 1095680K
  class space    used 6054K, capacity 6174K, committed 6272K, reserved 1048576K
GC Heap History (10 events):
Event: 64.450 GC heap after
Heap after GC invocations=24 (full 3):
 PSYoungGen      total 1409024K, used 142962K [0x000000066ab00000, 0x00000006d7980000, 0x00000007c0000000)
  eden space 1246208K, 0% used [0x000000066ab00000,0x000000066ab00000,0x00000006b6c00000)
  from space 162816K, 87% used [0x00000006b6c00000,0x00000006bf79ca88,0x00000006c0b00000)
  to   space 182272K, 0% used [0x00000006cc780000,0x00000006cc780000,0x00000006d7980000)
 ParOldGen       total 683008K, used 534605K [0x00000003c0000000, 0x00000003e9b00000, 0x000000066ab00000)
  object space 683008K, 78% used [0x00000003c0000000,0x00000003e0a13540,0x00000003e9b00000)
 Metaspace       used 46760K, capacity 47085K, committed 47616K, reserved 1091584K
  class space    used 5442K, capacity 5564K, committed 5632K, reserved 1048576K
}
Event: 71.479 GC heap before
{Heap before GC invocations=25 (full 3):
 PSYoungGen      total 1409024K, used 1389170K [0x000000066ab00000, 0x00000006d7980000, 0x00000007c0000000)
  eden space 1246208K, 100% used [0x000000066ab00000,0x00000006b6c00000,0x00000006b6c00000)
  from space 162816K, 87% used [0x00000006b6c00000,0x00000006bf79ca88,0x00000006c0b00000)
  to   space 182272K, 0% used [0x00000006cc780000,0x00000006cc780000,0x00000006d7980000)
 ParOldGen       total 683008K, used 534605K [0x00000003c0000000, 0x00000003e9b00000, 0x000000066ab00000)
  object space 683008K, 78% used [0x00000003c0000000,0x00000003e0a13540,0x00000003e9b00000)
 Metaspace       used 48267K, capacity 48627K, committed 49024K, reserved 1093632K
  class space    used 5626K, capacity 5757K, committed 5760K, reserved 1048576K
Event: 71.746 GC heap after
Heap after GC invocations=25 (full 3):
 PSYoungGen      total 1548288K, used 182250K [0x000000066ab00000, 0x00000006de700000, 0x00000007c0000000)
  eden space 1366016K, 0% used [0x000000066ab00000,0x000000066ab00000,0x00000006be100000)
  from space 182272K, 99% used [0x00000006cc780000,0x00000006d797a848,0x00000006d7980000)
  to   space 236032K, 0% used [0x00000006be100000,0x00000006be100000,0x00000006cc780000)
 ParOldGen       total 683008K, used 599584K [0x00000003c0000000, 0x00000003e9b00000, 0x000000066ab00000)
  object space 683008K, 87% used [0x00000003c0000000,0x00000003e49883d0,0x00000003e9b00000)
 Metaspace       used 48267K, capacity 48627K, committed 49024K, reserved 1093632K
  class space    used 5626K, capacity 5757K, committed 5760K, reserved 1048576K
}
Event: 71.746 GC heap before
{Heap before GC invocations=26 (full 4):
 PSYoungGen      total 1548288K, used 182250K [0x000000066ab00000, 0x00000006de700000, 0x00000007c0000000)
  eden space 1366016K, 0% used [0x000000066ab00000,0x000000066ab00000,0x00000006be100000)
  from space 182272K, 99% used [0x00000006cc780000,0x00000006d797a848,0x00000006d7980000)
  to   space 236032K, 0% used [0x00000006be100000,0x00000006be100000,0x00000006cc780000)
 ParOldGen       total 683008K, used 599584K [0x00000003c0000000, 0x00000003e9b00000, 0x000000066ab00000)
  object space 683008K, 87% used [0x00000003c0000000,0x00000003e49883d0,0x00000003e9b00000)
 Metaspace       used 48267K, capacity 48627K, committed 49024K, reserved 1093632K
  class space    used 5626K, capacity 5757K, committed 5760K, reserved 1048576K
Event: 74.674 GC heap after
Heap after GC invocations=26 (full 4):
 PSYoungGen      total 1548288K, used 24801K [0x000000066ab00000, 0x00000006de700000, 0x00000007c0000000)
  eden space 1366016K, 0% used [0x000000066ab00000,0x000000066ab00000,0x00000006be100000)
  from space 182272K, 13% used [0x00000006cc780000,0x00000006cdfb86b0,0x00000006d7980000)
  to   space 236032K, 0% used [0x00000006be100000,0x00000006be100000,0x00000006cc780000)
 ParOldGen       total 1043456K, used 682867K [0x00000003c0000000, 0x00000003ffb00000, 0x000000066ab00000)
  object space 1043456K, 65% used [0x00000003c0000000,0x00000003e9adcf30,0x00000003ffb00000)
 Metaspace       used 48267K, capacity 48627K, committed 49024K, reserved 1093632K
  class space    used 5626K, capacity 5757K, committed 5760K, reserved 1048576K
}
Event: 83.281 GC heap before
{Heap before GC invocations=27 (full 4):
 PSYoungGen      total 1548288K, used 1390817K [0x000000066ab00000, 0x00000006de700000, 0x00000007c0000000)
  eden space 1366016K, 100% used [0x000000066ab00000,0x00000006be100000,0x00000006be100000)
  from space 182272K, 13% used [0x00000006cc780000,0x00000006cdfb86b0,0x00000006d7980000)
  to   space 236032K, 0% used [0x00000006be100000,0x00000006be100000,0x00000006cc780000)
 ParOldGen       total 1043456K, used 682867K [0x00000003c0000000, 0x00000003ffb00000, 0x000000066ab00000)
  object space 1043456K, 65% used [0x00000003c0000000,0x00000003e9adcf30,0x00000003ffb00000)
 Metaspace       used 49624K, capacity 50009K, committed 50560K, reserved 1093632K
  class space    used 5793K, capacity 5918K, committed 6016K, reserved 1048576K
Event: 83.495 GC heap after
Heap after GC invocations=27 (full 4):
 PSYoungGen      total 1602048K, used 124809K [0x000000066ab00000, 0x00000006e4780000, 0x00000007c0000000)
  eden space 1366016K, 0% used [0x000000066ab00000,0x000000066ab00000,0x00000006be100000)
  from space 236032K, 52% used [0x00000006be100000,0x00000006c5ae26a8,0x00000006cc780000)
  to   space 234496K, 0% used [0x00000006d6280000,0x00000006d6280000,0x00000006e4780000)
 ParOldGen       total 1043456K, used 701454K [0x00000003c0000000, 0x00000003ffb00000, 0x000000066ab00000)
  object space 1043456K, 67% used [0x00000003c0000000,0x00000003ead03960,0x00000003ffb00000)
 Metaspace       used 49624K, capacity 50009K, committed 50560K, reserved 1093632K
  class space    used 5793K, capacity 5918K, committed 6016K, reserved 1048576K
}
Event: 91.242 GC heap before
{Heap before GC invocations=28 (full 4):
 PSYoungGen      total 1602048K, used 1490825K [0x000000066ab00000, 0x00000006e4780000, 0x00000007c0000000)
  eden space 1366016K, 100% used [0x000000066ab00000,0x00000006be100000,0x00000006be100000)
  from space 236032K, 52% used [0x00000006be100000,0x00000006c5ae26a8,0x00000006cc780000)
  to   space 234496K, 0% used [0x00000006d6280000,0x00000006d6280000,0x00000006e4780000)
 ParOldGen       total 1043456K, used 701454K [0x00000003c0000000, 0x00000003ffb00000, 0x000000066ab00000)
  object space 1043456K, 67% used [0x00000003c0000000,0x00000003ead03960,0x00000003ffb00000)
 Metaspace       used 50914K, capacity 51257K, committed 51712K, reserved 1095680K
  class space    used 5954K, capacity 6078K, committed 6144K, reserved 1048576K
Event: 91.465 GC heap after
Heap after GC invocations=28 (full 4):
 PSYoungGen      total 1721856K, used 234489K [0x000000066ab00000, 0x00000006e9280000, 0x00000007c0000000)
  eden space 1487360K, 0% used [0x000000066ab00000,0x000000066ab00000,0x00000006c5780000)
  from space 234496K, 99% used [0x00000006d6280000,0x00000006e477e6b0,0x00000006e4780000)
  to   space 273408K, 0% used [0x00000006c5780000,0x00000006c5780000,0x00000006d6280000)
 ParOldGen       total 1043456K, used 703418K [0x00000003c0000000, 0x00000003ffb00000, 0x000000066ab00000)
  object space 1043456K, 67% used [0x00000003c0000000,0x00000003eaeee928,0x00000003ffb00000)
 Metaspace       used 50914K, capacity 51257K, committed 51712K, reserved 1095680K
  class space    used 5954K, capacity 6078K, committed 6144K, reserved 1048576K
}
Event: 100.138 GC heap before
{Heap before GC invocations=29 (full 4):
 PSYoungGen      total 1721856K, used 1721849K [0x000000066ab00000, 0x00000006e9280000, 0x00000007c0000000)
  eden space 1487360K, 100% used [0x000000066ab00000,0x00000006c5780000,0x00000006c5780000)
  from space 234496K, 99% used [0x00000006d6280000,0x00000006e477e6b0,0x00000006e4780000)
  to   space 273408K, 0% used [0x00000006c5780000,0x00000006c5780000,0x00000006d6280000)
 ParOldGen       total 1043456K, used 703418K [0x00000003c0000000, 0x00000003ffb00000, 0x000000066ab00000)
  object space 1043456K, 67% used [0x00000003c0000000,0x00000003eaeee928,0x00000003ffb00000)
 Metaspace       used 51501K, capacity 51865K, committed 52352K, reserved 1095680K
  class space    used 6054K, capacity 6174K, committed 6272K, reserved 1048576K

