# JRE version: OpenJDK Runtime Environment (11.0.4+11) (build 11.0.4+11-post-Ubuntu-1ubuntu218.04.3)
# Java VM: OpenJDK 64-Bit Server VM (11.0.4+11-post-Ubuntu-1ubuntu218.04.3, mixed mode, tiered, g1 gc, linux-amd64)
Heap:
 garbage-first heap   total 8372224K, used 531166K [0x00007f76e8000000, 0x00007f7ee8000000)
  region size 8192K, 3 young (24576K), 3 survivors (24576K)
 Metaspace       used 18419K, capacity 18607K, committed 18944K, reserved 20480K
GC Heap History (10 events):
Event: 7.010 GC heap after
{Heap after GC invocations=16 (full 0):
 garbage-first heap   total 2080768K, used 432747K [0x00007f76e8000000, 0x00007f7ee8000000)
  region size 8192K, 5 young (40960K), 5 survivors (40960K)
 Metaspace       used 18345K, capacity 18539K, committed 18688K, reserved 20480K
}
Event: 7.395 GC heap before
{Heap before GC invocations=16 (full 0):
 garbage-first heap   total 2080768K, used 653931K [0x00007f76e8000000, 0x00007f7ee8000000)
  region size 8192K, 32 young (262144K), 5 survivors (40960K)
 Metaspace       used 18366K, capacity 18542K, committed 18688K, reserved 20480K
}
Event: 7.469 GC heap after
{Heap after GC invocations=17 (full 0):
 garbage-first heap   total 4186112K, used 447624K [0x00007f76e8000000, 0x00007f7ee8000000)
  region size 8192K, 4 young (32768K), 4 survivors (32768K)
 Metaspace       used 18366K, capacity 18542K, committed 18688K, reserved 20480K
}
Event: 8.172 GC heap before
{Heap before GC invocations=17 (full 0):
 garbage-first heap   total 4186112K, used 734344K [0x00007f76e8000000, 0x00007f7ee8000000)
  region size 8192K, 39 young (319488K), 4 survivors (32768K)
 Metaspace       used 18385K, capacity 18607K, committed 18944K, reserved 20480K
}
Event: 8.228 GC heap after
{Heap after GC invocations=18 (full 0):
 garbage-first heap   total 4186112K, used 468584K [0x00007f76e8000000, 0x00007f7ee8000000)
  region size 8192K, 5 young (40960K), 5 survivors (40960K)
 Metaspace       used 18385K, capacity 18607K, committed 18944K, reserved 20480K
}
Event: 8.759 GC heap before
{Heap before GC invocations=18 (full 0):
 garbage-first heap   total 4186112K, used 779880K [0x00007f76e8000000, 0x00007f7ee8000000)
  region size 8192K, 43 young (352256K), 5 survivors (40960K)
 Metaspace       used 18403K, capacity 18607K, committed 18944K, reserved 20480K
}
Event: 8.818 GC heap after
{Heap after GC invocations=19 (full 0):
 garbage-first heap   total 4186112K, used 483589K [0x00007f76e8000000, 0x00007f7ee8000000)
  region size 8192K, 5 young (40960K), 5 survivors (40960K)
 Metaspace       used 18403K, capacity 18607K, committed 18944K, reserved 20480K
}
Event: 9.983 GC heap before
{Heap before GC invocations=19 (full 0):
 garbage-first heap   total 4186112K, used 1147141K [0x00007f76e8000000, 0x00007f7ee8000000)
  region size 8192K, 86 young (704512K), 5 survivors (40960K)
 Metaspace       used 18419K, capacity 18607K, committed 18944K, reserved 20480K
}
Event: 10.096 GC heap after
{Heap after GC invocations=20 (full 0):
 garbage-first heap   total 4186112K, used 515342K [0x00007f76e8000000, 0x00007f7ee8000000)
  region size 8192K, 9 young (73728K), 9 survivors (73728K)
 Metaspace       used 18419K, capacity 18607K, committed 18944K, reserved 20480K
}
Event: 10.583 GC heap before
{Heap before GC invocations=20 (full 0):
 garbage-first heap   total 4186112K, used 810254K [0x00007f76e8000000, 0x00007f7ee8000000)
  region size 8192K, 45 young (368640K), 9 survivors (73728K)
 Metaspace       used 18419K, capacity 18607K, committed 18944K, reserved 20480K
}

