# JRE version: OpenJDK Runtime Environment (8.0_222-b10) (build 1.8.0_222-8u222-b10-1ubuntu1~18.04.1-b10)
# Java VM: OpenJDK 64-Bit Server VM (25.222-b10 mixed mode linux-amd64 compressed oops)
Heap:
 PSYoungGen      total 1707520K, used 300025K [0x000000066ab00000, 0x00000006e8080000, 0x00000007c0000000)
  eden space 1407488K, 0% used [0x000000066ab00000,0x000000066ab00000,0x00000006c0980000)
  from space 300032K, 99% used [0x00000006c0980000,0x00000006d2e7e488,0x00000006d2e80000)
  to   space 254464K, 0% used [0x00000006d2e80000,0x00000006d2e80000,0x00000006e2700000)
 ParOldGen       total 1143296K, used 801349K [0x00000003c0000000, 0x0000000405c80000, 0x000000066ab00000)
  object space 1143296K, 70% used [0x00000003c0000000,0x00000003f0e915c8,0x0000000405c80000)
 Metaspace       used 54532K, capacity 54891K, committed 55296K, reserved 1097728K
  class space    used 6502K, capacity 6627K, committed 6656K, reserved 1048576K
GC Heap History (10 events):
Event: 72.531 GC heap after
Heap after GC invocations=26 (full 3):
 PSYoungGen      total 1369088K, used 179190K [0x000000066ab00000, 0x00000006d8b00000, 0x00000007c0000000)
  eden space 1189888K, 0% used [0x000000066ab00000,0x000000066ab00000,0x00000006b3500000)
  from space 179200K, 99% used [0x00000006b3500000,0x00000006be3fd920,0x00000006be400000)
  to   space 226816K, 0% used [0x00000006cad80000,0x00000006cad80000,0x00000006d8b00000)
 ParOldGen       total 730112K, used 604841K [0x00000003c0000000, 0x00000003ec900000, 0x000000066ab00000)
  object space 730112K, 82% used [0x00000003c0000000,0x00000003e4eaa670,0x00000003ec900000)
 Metaspace       used 48269K, capacity 48627K, committed 49024K, reserved 1093632K
  class space    used 5631K, capacity 5757K, committed 5760K, reserved 1048576K
}
Event: 79.714 GC heap before
{Heap before GC invocations=27 (full 3):
 PSYoungGen      total 1369088K, used 1369078K [0x000000066ab00000, 0x00000006d8b00000, 0x00000007c0000000)
  eden space 1189888K, 100% used [0x000000066ab00000,0x00000006b3500000,0x00000006b3500000)
  from space 179200K, 99% used [0x00000006b3500000,0x00000006be3fd920,0x00000006be400000)
  to   space 226816K, 0% used [0x00000006cad80000,0x00000006cad80000,0x00000006d8b00000)
 ParOldGen       total 730112K, used 604841K [0x00000003c0000000, 0x00000003ec900000, 0x000000066ab00000)
  object space 730112K, 82% used [0x00000003c0000000,0x00000003e4eaa670,0x00000003ec900000)
 Metaspace       used 49444K, capacity 49785K, committed 50176K, reserved 1093632K
  class space    used 5782K, capacity 5886K, committed 5888K, reserved 1048576K
Event: 80.028 GC heap after
Heap after GC invocations=27 (full 3):
 PSYoungGen      total 1564160K, used 155315K [0x000000066ab00000, 0x00000006dab80000, 0x00000007c0000000)
  eden space 1337344K, 0% used [0x000000066ab00000,0x000000066ab00000,0x00000006bc500000)
  from space 226816K, 68% used [0x00000006cad80000,0x00000006d452ce90,0x00000006d8b00000)
  to   space 238080K, 0% used [0x00000006bc500000,0x00000006bc500000,0x00000006cad80000)
 ParOldGen       total 730112K, used 714132K [0x00000003c0000000, 0x00000003ec900000, 0x000000066ab00000)
  object space 730112K, 97% used [0x00000003c0000000,0x00000003eb965340,0x00000003ec900000)
 Metaspace       used 49444K, capacity 49785K, committed 50176K, reserved 1093632K
  class space    used 5782K, capacity 5886K, committed 5888K, reserved 1048576K
}
Event: 80.028 GC heap before
{Heap before GC invocations=28 (full 4):
 PSYoungGen      total 1564160K, used 155315K [0x000000066ab00000, 0x00000006dab80000, 0x00000007c0000000)
  eden space 1337344K, 0% used [0x000000066ab00000,0x000000066ab00000,0x00000006bc500000)
  from space 226816K, 68% used [0x00000006cad80000,0x00000006d452ce90,0x00000006d8b00000)
  to   space 238080K, 0% used [0x00000006bc500000,0x00000006bc500000,0x00000006cad80000)
 ParOldGen       total 730112K, used 714132K [0x00000003c0000000, 0x00000003ec900000, 0x000000066ab00000)
  object space 730112K, 97% used [0x00000003c0000000,0x00000003eb965340,0x00000003ec900000)
 Metaspace       used 49444K, capacity 49785K, committed 50176K, reserved 1093632K
  class space    used 5782K, capacity 5886K, committed 5888K, reserved 1048576K
Event: 83.674 GC heap after
Heap after GC invocations=28 (full 4):
 PSYoungGen      total 1564160K, used 61854K [0x000000066ab00000, 0x00000006dab80000, 0x00000007c0000000)
  eden space 1337344K, 0% used [0x000000066ab00000,0x000000066ab00000,0x00000006bc500000)
  from space 226816K, 27% used [0x00000006cad80000,0x00000006ce9e7bd8,0x00000006d8b00000)
  to   space 238080K, 0% used [0x00000006bc500000,0x00000006bc500000,0x00000006cad80000)
 ParOldGen       total 1143296K, used 729625K [0x00000003c0000000, 0x0000000405c80000, 0x000000066ab00000)
  object space 1143296K, 63% used [0x00000003c0000000,0x00000003ec886408,0x0000000405c80000)
 Metaspace       used 49444K, capacity 49785K, committed 50176K, reserved 1093632K
  class space    used 5782K, capacity 5886K, committed 5888K, reserved 1048576K
}
Event: 91.872 GC heap before
{Heap before GC invocations=29 (full 4):
 PSYoungGen      total 1564160K, used 1399198K [0x000000066ab00000, 0x00000006dab80000, 0x00000007c0000000)
  eden space 1337344K, 100% used [0x000000066ab00000,0x00000006bc500000,0x00000006bc500000)
  from space 226816K, 27% used [0x00000006cad80000,0x00000006ce9e7bd8,0x00000006d8b00000)
  to   space 238080K, 0% used [0x00000006bc500000,0x00000006bc500000,0x00000006cad80000)
 ParOldGen       total 1143296K, used 729625K [0x00000003c0000000, 0x0000000405c80000, 0x000000066ab00000)
  object space 1143296K, 63% used [0x00000003c0000000,0x00000003ec886408,0x0000000405c80000)
 Metaspace       used 50736K, capacity 51097K, committed 51712K, reserved 1095680K
  class space    used 5939K, capacity 6046K, committed 6144K, reserved 1048576K
Event: 92.043 GC heap after
Heap after GC invocations=29 (full 4):
 PSYoungGen      total 1575424K, used 178489K [0x000000066ab00000, 0x00000006e2700000, 0x00000007c0000000)
  eden space 1337344K, 0% used [0x000000066ab00000,0x000000066ab00000,0x00000006bc500000)
  from space 238080K, 74% used [0x00000006bc500000,0x00000006c734e6d0,0x00000006cad80000)
  to   space 254464K, 0% used [0x00000006d2e80000,0x00000006d2e80000,0x00000006e2700000)
 ParOldGen       total 1143296K, used 729625K [0x00000003c0000000, 0x0000000405c80000, 0x000000066ab00000)
  object space 1143296K, 63% used [0x00000003c0000000,0x00000003ec886408,0x0000000405c80000)
 Metaspace       used 50736K, capacity 51097K, committed 51712K, reserved 1095680K
  class space    used 5939K, capacity 6046K, committed 6144K, reserved 1048576K
}
Event: 99.873 GC heap before
{Heap before GC invocations=30 (full 4):
 PSYoungGen      total 1575424K, used 1515833K [0x000000066ab00000, 0x00000006e2700000, 0x00000007c0000000)
  eden space 1337344K, 100% used [0x000000066ab00000,0x00000006bc500000,0x00000006bc500000)
  from space 238080K, 74% used [0x00000006bc500000,0x00000006c734e6d0,0x00000006cad80000)
  to   space 254464K, 0% used [0x00000006d2e80000,0x00000006d2e80000,0x00000006e2700000)
 ParOldGen       total 1143296K, used 729625K [0x00000003c0000000, 0x0000000405c80000, 0x000000066ab00000)
  object space 1143296K, 63% used [0x00000003c0000000,0x00000003ec886408,0x0000000405c80000)
 Metaspace       used 51262K, capacity 51577K, committed 51968K, reserved 1095680K
  class space    used 6027K, capacity 6142K, committed 6144K, reserved 1048576K
Event: 100.106 GC heap after
Heap after GC invocations=30 (full 4):
 PSYoungGen      total 1661952K, used 254457K [0x000000066ab00000, 0x00000006e8080000, 0x00000007c0000000)
  eden space 1407488K, 0% used [0x000000066ab00000,0x000000066ab00000,0x00000006c0980000)
  from space 254464K, 99% used [0x00000006d2e80000,0x00000006e26fe4c0,0x00000006e2700000)
  to   space 300032K, 0% used [0x00000006c0980000,0x00000006c0980000,0x00000006d2e80000)
 ParOldGen       total 1143296K, used 741283K [0x00000003c0000000, 0x0000000405c80000, 0x000000066ab00000)
  object space 1143296K, 64% used [0x00000003c0000000,0x00000003ed3e8cb0,0x0000000405c80000)
 Metaspace       used 51262K, capacity 51577K, committed 51968K, reserved 1095680K
  class space    used 6027K, capacity 6142K, committed 6144K, reserved 1048576K
}
Event: 108.050 GC heap before
{Heap before GC invocations=31 (full 4):
 PSYoungGen      total 1661952K, used 1661945K [0x000000066ab00000, 0x00000006e8080000, 0x00000007c0000000)
  eden space 1407488K, 100% used [0x000000066ab00000,0x00000006c0980000,0x00000006c0980000)
  from space 254464K, 99% used [0x00000006d2e80000,0x00000006e26fe4c0,0x00000006e2700000)
  to   space 300032K, 0% used [0x00000006c0980000,0x00000006c0980000,0x00000006d2e80000)
 ParOldGen       total 1143296K, used 741283K [0x00000003c0000000, 0x0000000405c80000, 0x000000066ab00000)
  object space 1143296K, 64% used [0x00000003c0000000,0x00000003ed3e8cb0,0x0000000405c80000)
 Metaspace       used 54532K, capacity 54891K, committed 55296K, reserved 1097728K
  class space    used 6502K, capacity 6627K, committed 6656K, reserved 1048576K

