# JRE version: OpenJDK Runtime Environment (8.0_222-b10) (build 1.8.0_222-8u222-b10-1ubuntu1~18.04.1-b10)
# Java VM: OpenJDK 64-Bit Server VM (25.222-b10 mixed mode linux-amd64 compressed oops)
Heap:
 PSYoungGen      total 1764352K, used 298240K [0x000000066ab00000, 0x00000006ef180000, 0x00000007c0000000)
  eden space 1431040K, 0% used [0x000000066ab00000,0x000000066ab00000,0x00000006c2080000)
  from space 333312K, 89% used [0x00000006c2080000,0x00000006d43c03a0,0x00000006d6600000)
  to   space 266240K, 0% used [0x00000006d6600000,0x00000006d6600000,0x00000006e6a00000)
 ParOldGen       total 1119232K, used 854656K [0x00000003c0000000, 0x0000000404500000, 0x000000066ab00000)
  object space 1119232K, 76% used [0x00000003c0000000,0x00000003f42a02d0,0x0000000404500000)
 Metaspace       used 56756K, capacity 57184K, committed 57600K, reserved 1099776K
  class space    used 6752K, capacity 6883K, committed 6912K, reserved 1048576K
GC Heap History (10 events):
Event: 74.751 GC heap after
Heap after GC invocations=26 (full 3):
 PSYoungGen      total 1411072K, used 178156K [0x000000066ab00000, 0x00000006daf80000, 0x00000007c0000000)
  eden space 1232896K, 0% used [0x000000066ab00000,0x000000066ab00000,0x00000006b5f00000)
  from space 178176K, 99% used [0x00000006b5f00000,0x00000006c0cfb2f8,0x00000006c0d00000)
  to   space 221696K, 0% used [0x00000006cd700000,0x00000006cd700000,0x00000006daf80000)
 ParOldGen       total 717312K, used 592084K [0x00000003c0000000, 0x00000003ebc80000, 0x000000066ab00000)
  object space 717312K, 82% used [0x00000003c0000000,0x00000003e4235328,0x00000003ebc80000)
 Metaspace       used 48396K, capacity 48691K, committed 49024K, reserved 1093632K
  class space    used 5644K, capacity 5757K, committed 5760K, reserved 1048576K
}
Event: 82.134 GC heap before
{Heap before GC invocations=27 (full 3):
 PSYoungGen      total 1411072K, used 1411052K [0x000000066ab00000, 0x00000006daf80000, 0x00000007c0000000)
  eden space 1232896K, 100% used [0x000000066ab00000,0x00000006b5f00000,0x00000006b5f00000)
  from space 178176K, 99% used [0x00000006b5f00000,0x00000006c0cfb2f8,0x00000006c0d00000)
  to   space 221696K, 0% used [0x00000006cd700000,0x00000006cd700000,0x00000006daf80000)
 ParOldGen       total 717312K, used 592084K [0x00000003c0000000, 0x00000003ebc80000, 0x000000066ab00000)
  object space 717312K, 82% used [0x00000003c0000000,0x00000003e4235328,0x00000003ebc80000)
 Metaspace       used 49557K, capacity 49881K, committed 50304K, reserved 1093632K
  class space    used 5796K, capacity 5918K, committed 6016K, reserved 1048576K
Event: 82.412 GC heap after
Heap after GC invocations=27 (full 3):
 PSYoungGen      total 1601536K, used 166635K [0x000000066ab00000, 0x00000006dd580000, 0x00000007c0000000)
  eden space 1379840K, 0% used [0x000000066ab00000,0x000000066ab00000,0x00000006bee80000)
  from space 221696K, 75% used [0x00000006cd700000,0x00000006d79bacb8,0x00000006daf80000)
  to   space 238080K, 0% used [0x00000006bee80000,0x00000006bee80000,0x00000006cd700000)
 ParOldGen       total 717312K, used 699828K [0x00000003c0000000, 0x00000003ebc80000, 0x000000066ab00000)
  object space 717312K, 97% used [0x00000003c0000000,0x00000003eab6d220,0x00000003ebc80000)
 Metaspace       used 49557K, capacity 49881K, committed 50304K, reserved 1093632K
  class space    used 5796K, capacity 5918K, committed 6016K, reserved 1048576K
}
Event: 82.412 GC heap before
{Heap before GC invocations=28 (full 4):
 PSYoungGen      total 1601536K, used 166635K [0x000000066ab00000, 0x00000006dd580000, 0x00000007c0000000)
  eden space 1379840K, 0% used [0x000000066ab00000,0x000000066ab00000,0x00000006bee80000)
  from space 221696K, 75% used [0x00000006cd700000,0x00000006d79bacb8,0x00000006daf80000)
  to   space 238080K, 0% used [0x00000006bee80000,0x00000006bee80000,0x00000006cd700000)
 ParOldGen       total 717312K, used 699828K [0x00000003c0000000, 0x00000003ebc80000, 0x000000066ab00000)
  object space 717312K, 97% used [0x00000003c0000000,0x00000003eab6d220,0x00000003ebc80000)
 Metaspace       used 49557K, capacity 49881K, committed 50304K, reserved 1093632K
  class space    used 5796K, capacity 5918K, committed 6016K, reserved 1048576K
Event: 86.290 GC heap after
Heap after GC invocations=28 (full 4):
 PSYoungGen      total 1601536K, used 94703K [0x000000066ab00000, 0x00000006dd580000, 0x00000007c0000000)
  eden space 1379840K, 0% used [0x000000066ab00000,0x000000066ab00000,0x00000006bee80000)
  from space 221696K, 42% used [0x00000006cd700000,0x00000006d337bd78,0x00000006daf80000)
  to   space 238080K, 0% used [0x00000006bee80000,0x00000006bee80000,0x00000006cd700000)
 ParOldGen       total 1119232K, used 716973K [0x00000003c0000000, 0x0000000404500000, 0x000000066ab00000)
  object space 1119232K, 64% used [0x00000003c0000000,0x00000003ebc2b628,0x0000000404500000)
 Metaspace       used 49557K, capacity 49881K, committed 50304K, reserved 1093632K
  class space    used 5796K, capacity 5918K, committed 6016K, reserved 1048576K
}
Event: 93.894 GC heap before
{Heap before GC invocations=29 (full 4):
 PSYoungGen      total 1601536K, used 1474543K [0x000000066ab00000, 0x00000006dd580000, 0x00000007c0000000)
  eden space 1379840K, 100% used [0x000000066ab00000,0x00000006bee80000,0x00000006bee80000)
  from space 221696K, 42% used [0x00000006cd700000,0x00000006d337bd78,0x00000006daf80000)
  to   space 238080K, 0% used [0x00000006bee80000,0x00000006bee80000,0x00000006cd700000)
 ParOldGen       total 1119232K, used 716973K [0x00000003c0000000, 0x0000000404500000, 0x000000066ab00000)
  object space 1119232K, 64% used [0x00000003c0000000,0x00000003ebc2b628,0x0000000404500000)
 Metaspace       used 50876K, capacity 51193K, committed 51712K, reserved 1095680K
  class space    used 5958K, capacity 6078K, committed 6144K, reserved 1048576K
Event: 94.133 GC heap after
Heap after GC invocations=29 (full 4):
 PSYoungGen      total 1617920K, used 209821K [0x000000066ab00000, 0x00000006e6a00000, 0x00000007c0000000)
  eden space 1379840K, 0% used [0x000000066ab00000,0x000000066ab00000,0x00000006bee80000)
  from space 238080K, 88% used [0x00000006bee80000,0x00000006cbb675e8,0x00000006cd700000)
  to   space 266240K, 0% used [0x00000006d6600000,0x00000006d6600000,0x00000006e6a00000)
 ParOldGen       total 1119232K, used 716973K [0x00000003c0000000, 0x0000000404500000, 0x000000066ab00000)
  object space 1119232K, 64% used [0x00000003c0000000,0x00000003ebc2b628,0x0000000404500000)
 Metaspace       used 50876K, capacity 51193K, committed 51712K, reserved 1095680K
  class space    used 5958K, capacity 6078K, committed 6144K, reserved 1048576K
}
Event: 101.707 GC heap before
{Heap before GC invocations=30 (full 4):
 PSYoungGen      total 1617920K, used 1589661K [0x000000066ab00000, 0x00000006e6a00000, 0x00000007c0000000)
  eden space 1379840K, 100% used [0x000000066ab00000,0x00000006bee80000,0x00000006bee80000)
  from space 238080K, 88% used [0x00000006bee80000,0x00000006cbb675e8,0x00000006cd700000)
  to   space 266240K, 0% used [0x00000006d6600000,0x00000006d6600000,0x00000006e6a00000)
 ParOldGen       total 1119232K, used 716973K [0x00000003c0000000, 0x0000000404500000, 0x000000066ab00000)
  object space 1119232K, 64% used [0x00000003c0000000,0x00000003ebc2b628,0x0000000404500000)
 Metaspace       used 51662K, capacity 52031K, committed 52608K, reserved 1095680K
  class space    used 6093K, capacity 6207K, committed 6272K, reserved 1048576K
Event: 101.975 GC heap after
Heap after GC invocations=30 (full 4):
 PSYoungGen      total 1697280K, used 266238K [0x000000066ab00000, 0x00000006ef180000, 0x00000007c0000000)
  eden space 1431040K, 0% used [0x000000066ab00000,0x000000066ab00000,0x00000006c2080000)
  from space 266240K, 99% used [0x00000006d6600000,0x00000006e69ff8b0,0x00000006e6a00000)
  to   space 333312K, 0% used [0x00000006c2080000,0x00000006c2080000,0x00000006d6600000)
 ParOldGen       total 1119232K, used 780959K [0x00000003c0000000, 0x0000000404500000, 0x000000066ab00000)
  object space 1119232K, 69% used [0x00000003c0000000,0x00000003efaa7f60,0x0000000404500000)
 Metaspace       used 51662K, capacity 52031K, committed 52608K, reserved 1095680K
  class space    used 6093K, capacity 6207K, committed 6272K, reserved 1048576K
}
Event: 109.853 GC heap before
{Heap before GC invocations=31 (full 4):
 PSYoungGen      total 1697280K, used 1697278K [0x000000066ab00000, 0x00000006ef180000, 0x00000007c0000000)
  eden space 1431040K, 100% used [0x000000066ab00000,0x00000006c2080000,0x00000006c2080000)
  from space 266240K, 99% used [0x00000006d6600000,0x00000006e69ff8b0,0x00000006e6a00000)
  to   space 333312K, 0% used [0x00000006c2080000,0x00000006c2080000,0x00000006d6600000)
 ParOldGen       total 1119232K, used 780959K [0x00000003c0000000, 0x0000000404500000, 0x000000066ab00000)
  object space 1119232K, 69% used [0x00000003c0000000,0x00000003efaa7f60,0x0000000404500000)
 Metaspace       used 56756K, capacity 57184K, committed 57600K, reserved 1099776K
  class space    used 6752K, capacity 6883K, committed 6912K, reserved 1048576K

