# JRE version: OpenJDK Runtime Environment (8.0_222-b10) (build 1.8.0_222-8u222-b10-1ubuntu1~18.04.1-b10)
# Java VM: OpenJDK 64-Bit Server VM (25.222-b10 mixed mode linux-amd64 compressed oops)
Heap:
 PSYoungGen      total 1935872K, used 178675K [0x000000066ab00000, 0x00000006ed080000, 0x00000007c0000000)
  eden space 1757184K, 0% used [0x000000066ab00000,0x000000066ab00000,0x00000006d5f00000)
  from space 178688K, 99% used [0x00000006d5f00000,0x00000006e0d7cc28,0x00000006e0d80000)
  to   space 175616K, 0% used [0x00000006e0d80000,0x00000006e0d80000,0x00000006eb900000)
 ParOldGen       total 914944K, used 619961K [0x00000003c0000000, 0x00000003f7d80000, 0x000000066ab00000)
  object space 914944K, 67% used [0x00000003c0000000,0x00000003e5d6e5f0,0x00000003f7d80000)
 Metaspace       used 49163K, capacity 49491K, committed 49920K, reserved 1093632K
  class space    used 5735K, capacity 5853K, committed 5888K, reserved 1048576K
GC Heap History (10 events):
Event: 46.865 GC heap after
Heap after GC invocations=20 (full 3):
 PSYoungGen      total 1397248K, used 19311K [0x000000066ab00000, 0x00000006d8500000, 0x00000007c0000000)
  eden space 1301504K, 0% used [0x000000066ab00000,0x000000066ab00000,0x00000006ba200000)
  from space 95744K, 20% used [0x00000006ba200000,0x00000006bb4dbe78,0x00000006bff80000)
  to   space 108032K, 0% used [0x00000006d1b80000,0x00000006d1b80000,0x00000006d8500000)
 ParOldGen       total 589824K, used 379732K [0x00000003c0000000, 0x00000003e4000000, 0x000000066ab00000)
  object space 589824K, 64% used [0x00000003c0000000,0x00000003d72d5298,0x00000003e4000000)
 Metaspace       used 39980K, capacity 40335K, committed 40832K, reserved 1085440K
  class space    used 4556K, capacity 4665K, committed 4736K, reserved 1048576K
}
Event: 54.874 GC heap before
{Heap before GC invocations=21 (full 3):
 PSYoungGen      total 1397248K, used 1320815K [0x000000066ab00000, 0x00000006d8500000, 0x00000007c0000000)
  eden space 1301504K, 100% used [0x000000066ab00000,0x00000006ba200000,0x00000006ba200000)
  from space 95744K, 20% used [0x00000006ba200000,0x00000006bb4dbe78,0x00000006bff80000)
  to   space 108032K, 0% used [0x00000006d1b80000,0x00000006d1b80000,0x00000006d8500000)
 ParOldGen       total 589824K, used 379732K [0x00000003c0000000, 0x00000003e4000000, 0x000000066ab00000)
  object space 589824K, 64% used [0x00000003c0000000,0x00000003d72d5298,0x00000003e4000000)
 Metaspace       used 43161K, capacity 43421K, committed 43776K, reserved 1087488K
  class space    used 4965K, capacity 5050K, committed 5120K, reserved 1048576K
Event: 55.055 GC heap after
Heap after GC invocations=21 (full 3):
 PSYoungGen      total 1622016K, used 100248K [0x000000066ab00000, 0x00000006d7d80000, 0x00000007c0000000)
  eden space 1521664K, 0% used [0x000000066ab00000,0x000000066ab00000,0x00000006c7900000)
  from space 100352K, 99% used [0x00000006d1b80000,0x00000006d7d66390,0x00000006d7d80000)
  to   space 123392K, 0% used [0x00000006c8c80000,0x00000006c8c80000,0x00000006d0500000)
 ParOldGen       total 589824K, used 396188K [0x00000003c0000000, 0x00000003e4000000, 0x000000066ab00000)
  object space 589824K, 67% used [0x00000003c0000000,0x00000003d82e70e0,0x00000003e4000000)
 Metaspace       used 43161K, capacity 43421K, committed 43776K, reserved 1087488K
  class space    used 4965K, capacity 5050K, committed 5120K, reserved 1048576K
}
Event: 63.688 GC heap before
{Heap before GC invocations=22 (full 3):
 PSYoungGen      total 1622016K, used 1621912K [0x000000066ab00000, 0x00000006d7d80000, 0x00000007c0000000)
  eden space 1521664K, 100% used [0x000000066ab00000,0x00000006c7900000,0x00000006c7900000)
  from space 100352K, 99% used [0x00000006d1b80000,0x00000006d7d66390,0x00000006d7d80000)
  to   space 123392K, 0% used [0x00000006c8c80000,0x00000006c8c80000,0x00000006d0500000)
 ParOldGen       total 589824K, used 396188K [0x00000003c0000000, 0x00000003e4000000, 0x000000066ab00000)
  object space 589824K, 67% used [0x00000003c0000000,0x00000003d82e70e0,0x00000003e4000000)
 Metaspace       used 45204K, capacity 45641K, committed 46208K, reserved 1089536K
  class space    used 5259K, capacity 5404K, committed 5504K, reserved 1048576K
Event: 63.887 GC heap after
Heap after GC invocations=22 (full 3):
 PSYoungGen      total 1665024K, used 123376K [0x000000066ab00000, 0x00000006eb900000, 0x00000007c0000000)
  eden space 1541632K, 0% used [0x000000066ab00000,0x000000066ab00000,0x00000006c8c80000)
  from space 123392K, 99% used [0x00000006c8c80000,0x00000006d04fc018,0x00000006d0500000)
  to   space 175616K, 0% used [0x00000006e0d80000,0x00000006e0d80000,0x00000006eb900000)
 ParOldGen       total 589824K, used 481615K [0x00000003c0000000, 0x00000003e4000000, 0x000000066ab00000)
  object space 589824K, 81% used [0x00000003c0000000,0x00000003dd653f10,0x00000003e4000000)
 Metaspace       used 45204K, capacity 45641K, committed 46208K, reserved 1089536K
  class space    used 5259K, capacity 5404K, committed 5504K, reserved 1048576K
}
Event: 72.376 GC heap before
{Heap before GC invocations=23 (full 3):
 PSYoungGen      total 1665024K, used 1665008K [0x000000066ab00000, 0x00000006eb900000, 0x00000007c0000000)
  eden space 1541632K, 100% used [0x000000066ab00000,0x00000006c8c80000,0x00000006c8c80000)
  from space 123392K, 99% used [0x00000006c8c80000,0x00000006d04fc018,0x00000006d0500000)
  to   space 175616K, 0% used [0x00000006e0d80000,0x00000006e0d80000,0x00000006eb900000)
 ParOldGen       total 589824K, used 481615K [0x00000003c0000000, 0x00000003e4000000, 0x000000066ab00000)
  object space 589824K, 81% used [0x00000003c0000000,0x00000003dd653f10,0x00000003e4000000)
 Metaspace       used 47271K, capacity 47597K, committed 48128K, reserved 1091584K
  class space    used 5508K, capacity 5628K, committed 5632K, reserved 1048576K
Event: 72.665 GC heap after
Heap after GC invocations=23 (full 3):
 PSYoungGen      total 1932800K, used 102893K [0x000000066ab00000, 0x00000006ed080000, 0x00000007c0000000)
  eden space 1757184K, 0% used [0x000000066ab00000,0x000000066ab00000,0x00000006d5f00000)
  from space 175616K, 58% used [0x00000006e0d80000,0x00000006e71fb7c0,0x00000006eb900000)
  to   space 178688K, 0% used [0x00000006d5f00000,0x00000006d5f00000,0x00000006e0d80000)
 ParOldGen       total 605184K, used 604831K [0x00000003c0000000, 0x00000003e4f00000, 0x000000066ab00000)
  object space 605184K, 99% used [0x00000003c0000000,0x00000003e4ea7e30,0x00000003e4f00000)
 Metaspace       used 47271K, capacity 47597K, committed 48128K, reserved 1091584K
  class space    used 5508K, capacity 5628K, committed 5632K, reserved 1048576K
}
Event: 72.665 GC heap before
{Heap before GC invocations=24 (full 4):
 PSYoungGen      total 1932800K, used 102893K [0x000000066ab00000, 0x00000006ed080000, 0x00000007c0000000)
  eden space 1757184K, 0% used [0x000000066ab00000,0x000000066ab00000,0x00000006d5f00000)
  from space 175616K, 58% used [0x00000006e0d80000,0x00000006e71fb7c0,0x00000006eb900000)
  to   space 178688K, 0% used [0x00000006d5f00000,0x00000006d5f00000,0x00000006e0d80000)
 ParOldGen       total 605184K, used 604831K [0x00000003c0000000, 0x00000003e4f00000, 0x000000066ab00000)
  object space 605184K, 99% used [0x00000003c0000000,0x00000003e4ea7e30,0x00000003e4f00000)
 Metaspace       used 47271K, capacity 47597K, committed 48128K, reserved 1091584K
  class space    used 5508K, capacity 5628K, committed 5632K, reserved 1048576K
Event: 75.660 GC heap after
Heap after GC invocations=24 (full 4):
 PSYoungGen      total 1932800K, used 46550K [0x000000066ab00000, 0x00000006ed080000, 0x00000007c0000000)
  eden space 1757184K, 0% used [0x000000066ab00000,0x000000066ab00000,0x00000006d5f00000)
  from space 175616K, 26% used [0x00000006e0d80000,0x00000006e3af5938,0x00000006eb900000)
  to   space 178688K, 0% used [0x00000006d5f00000,0x00000006d5f00000,0x00000006e0d80000)
 ParOldGen       total 914944K, used 604749K [0x00000003c0000000, 0x00000003f7d80000, 0x000000066ab00000)
  object space 914944K, 66% used [0x00000003c0000000,0x00000003e4e93418,0x00000003f7d80000)
 Metaspace       used 47271K, capacity 47597K, committed 48128K, reserved 1091584K
  class space    used 5508K, capacity 5628K, committed 5632K, reserved 1048576K
}
Event: 87.112 GC heap before
{Heap before GC invocations=25 (full 4):
 PSYoungGen      total 1932800K, used 1803734K [0x000000066ab00000, 0x00000006ed080000, 0x00000007c0000000)
  eden space 1757184K, 100% used [0x000000066ab00000,0x00000006d5f00000,0x00000006d5f00000)
  from space 175616K, 26% used [0x00000006e0d80000,0x00000006e3af5938,0x00000006eb900000)
  to   space 178688K, 0% used [0x00000006d5f00000,0x00000006d5f00000,0x00000006e0d80000)
 ParOldGen       total 914944K, used 604749K [0x00000003c0000000, 0x00000003f7d80000, 0x000000066ab00000)
  object space 914944K, 66% used [0x00000003c0000000,0x00000003e4e93418,0x00000003f7d80000)
 Metaspace       used 49163K, capacity 49491K, committed 49920K, reserved 1093632K
  class space    used 5735K, capacity 5853K, committed 5888K, reserved 1048576K

